22:16:17.657 [main] INFO com.alibaba.nacos.plugin.auth.spi.client.ClientAuthPluginManager -- [ClientAuthPluginManager] Load ClientAuthService com.alibaba.nacos.client.auth.impl.NacosClientAuthServiceImpl success.
22:16:17.658 [main] INFO com.alibaba.nacos.plugin.auth.spi.client.ClientAuthPluginManager -- [ClientAuthPluginManager] Load ClientAuthService com.alibaba.nacos.client.auth.ram.RamClientAuthServiceImpl success.
22:16:18.346 [main] INFO com.alibaba.nacos.common.ability.AbstractAbilityControlManager -- Ready to get current node abilities...
22:16:18.349 [main] INFO com.alibaba.nacos.common.ability.AbstractAbilityControlManager -- Ready to initialize current node abilities, support modes: [SDK_CLIENT]
22:16:18.349 [main] INFO com.alibaba.nacos.common.ability.AbstractAbilityControlManager -- Initialize current abilities finish...
22:16:18.350 [main] INFO com.alibaba.nacos.common.ability.discover.NacosAbilityManagerHolder -- [AbilityControlManager] Successfully initialize AbilityControlManager

  .   ____          _            __ _ _
 /\\ / ___'_ __ _ _(_)_ __  __ _ \ \ \ \
( ( )\___ | '_ | '_| | '_ \/ _` | \ \ \ \
 \\/  ___)| |_)| | | | | || (_| |  ) ) ) )
  '  |____| .__|_| |_|_| |_\__, | / / / /
 =========|_|==============|___/=/_/_/_/

 :: Spring Boot ::                (v4.0.5)

INFO: Sentinel log output type is: file
INFO: Sentinel log charset is: utf-8
INFO: Sentinel log base directory is: C:\Users\liuyu\logs\csp\
INFO: Sentinel log name use pid is: false
INFO: Sentinel log level is: INFO
2026-07-12T22:16:18.664+08:00  INFO 38808 --- [couponkill-connector-service] [           main] .c.CouponkillConnectorServiceApplication : Starting CouponkillConnectorServiceApplication using Java 25.0.3 with PID 38808 (D:\job-project\couponkill-cloud-native\couponkill-connector-service\target\couponkill-connector-service-1.0-SNAPSHOT.jar started by liuyu in D:\job-project\couponkill-cloud-native)
2026-07-12T22:16:18.666+08:00  INFO 38808 --- [couponkill-connector-service] [           main] .c.CouponkillConnectorServiceApplication : The following 1 profile is active: "dev"
2026-07-12T22:16:18.730+08:00  INFO 38808 --- [couponkill-connector-service] [           main] c.a.c.n.c.NacosConfigDataLoader          : [Nacos Config] Load config[dataId=couponkill-connector-service.yaml, group=DEFAULT_GROUP] success
2026-07-12T22:16:18.730+08:00  INFO 38808 --- [couponkill-connector-service] [           main] c.a.c.n.c.NacosConfigDataLoader          : [Nacos Config] Load config[dataId=common.yaml, group=DEFAULT_GROUP] success
2026-07-12T22:16:19.831+08:00  INFO 38808 --- [couponkill-connector-service] [           main] .s.d.r.c.RepositoryConfigurationDelegate : Multiple Spring Data modules found, entering strict repository configuration mode
2026-07-12T22:16:19.835+08:00  INFO 38808 --- [couponkill-connector-service] [           main] .s.d.r.c.RepositoryConfigurationDelegate : Bootstrapping Spring Data Redis repositories in DEFAULT mode.
2026-07-12T22:16:19.874+08:00  INFO 38808 --- [couponkill-connector-service] [           main] .s.d.r.c.RepositoryConfigurationDelegate : Finished Spring Data repository scanning in 16 ms. Found 0 Redis repository interfaces.
2026-07-12T22:16:20.218+08:00  INFO 38808 --- [couponkill-connector-service] [           main] o.s.cloud.context.scope.GenericScope     : BeanFactory id=293685f2-ba2d-3e4a-ae4b-aeb7707521a2
2026-07-12T22:16:20.990+08:00  INFO 38808 --- [couponkill-connector-service] [           main] o.s.boot.tomcat.TomcatWebServer          : Tomcat initialized with port 8085 (http)
2026-07-12T22:16:21.009+08:00  INFO 38808 --- [couponkill-connector-service] [           main] o.apache.catalina.core.StandardService   : Starting service [Tomcat]
2026-07-12T22:16:21.009+08:00  INFO 38808 --- [couponkill-connector-service] [           main] o.apache.catalina.core.StandardEngine    : Starting Servlet engine: [Apache Tomcat/11.0.20]
2026-07-12T22:16:21.049+08:00  INFO 38808 --- [couponkill-connector-service] [           main] b.w.c.s.WebApplicationContextInitializer : Root WebApplicationContext: initialization completed in 2316 ms
2026-07-12T22:16:21.862+08:00  INFO 38808 --- [couponkill-connector-service] [           main] o.s.c.openfeign.FeignClientFactoryBean   : For 'couponkill-coupon-service' URL not provided. Will try picking an instance via load-balancing.
2026-07-12T22:16:25.976+08:00  WARN 38808 --- [couponkill-connector-service] [           main] iguration$LoadBalancerCaffeineWarnLogger : Spring Cloud LoadBalancer is currently working with the default cache. While this cache implementation is useful for development and tests, it's recommended to use Caffeine cache in production.You can switch to using Caffeine cache, by adding it and org.springframework.cache.caffeine.CaffeineCacheManager to the classpath.
2026-07-12T22:16:26.096+08:00  INFO 38808 --- [couponkill-connector-service] [           main] c.a.n.client.config.NacosConfigService   : Nacos client key init properties: 
	serverAddr=127.0.0.1:8848
	namespace=couponkill

2026-07-12T22:16:26.098+08:00  INFO 38808 --- [couponkill-connector-service] [           main] c.a.n.c.a.AbstractServerListManager      : Load and match ServerListProvider com.alibaba.nacos.client.address.EndpointServerListProvider, match result: false
2026-07-12T22:16:26.099+08:00  INFO 38808 --- [couponkill-connector-service] [           main] c.a.n.c.a.AbstractServerListManager      : Load and match ServerListProvider com.alibaba.nacos.client.address.PropertiesListProvider, match result: true
2026-07-12T22:16:26.099+08:00  INFO 38808 --- [couponkill-connector-service] [           main] c.a.n.c.a.AbstractServerListManager      : Will use com.alibaba.nacos.client.address.PropertiesListProvider as ServerListProvider
2026-07-12T22:16:26.100+08:00  INFO 38808 --- [couponkill-connector-service] [           main] com.alibaba.nacos.common.labels          : DefaultLabelsCollectorManager get labels.....
2026-07-12T22:16:26.100+08:00  INFO 38808 --- [couponkill-connector-service] [           main] com.alibaba.nacos.common.labels          : Process LabelsCollector with [name:defaultNacosLabelsCollector]
2026-07-12T22:16:26.100+08:00  INFO 38808 --- [couponkill-connector-service] [           main] com.alibaba.nacos.common.labels          : default nacos collect properties raw labels: null
2026-07-12T22:16:26.100+08:00  INFO 38808 --- [couponkill-connector-service] [           main] com.alibaba.nacos.common.labels          : default nacos collect properties labels: {}
2026-07-12T22:16:26.101+08:00  INFO 38808 --- [couponkill-connector-service] [           main] com.alibaba.nacos.common.labels          : default nacos collect jvm raw labels: null
2026-07-12T22:16:26.101+08:00  INFO 38808 --- [couponkill-connector-service] [           main] com.alibaba.nacos.common.labels          : default nacos collect jvm labels: {}
2026-07-12T22:16:26.101+08:00  INFO 38808 --- [couponkill-connector-service] [           main] com.alibaba.nacos.common.labels          : default nacos collect env raw labels: null
2026-07-12T22:16:26.101+08:00  INFO 38808 --- [couponkill-connector-service] [           main] com.alibaba.nacos.common.labels          : default nacos collect env labels: {}
2026-07-12T22:16:26.101+08:00  INFO 38808 --- [couponkill-connector-service] [           main] com.alibaba.nacos.common.labels          : DefaultLabelsCollectorManager get labels finished,labels :{}
2026-07-12T22:16:26.102+08:00  INFO 38808 --- [couponkill-connector-service] [           main] c.a.n.p.a.s.c.ClientAuthPluginManager    : [ClientAuthPluginManager] Load ClientAuthService com.alibaba.nacos.client.auth.impl.NacosClientAuthServiceImpl success.
2026-07-12T22:16:26.102+08:00  INFO 38808 --- [couponkill-connector-service] [           main] c.a.n.p.a.s.c.ClientAuthPluginManager    : [ClientAuthPluginManager] Load ClientAuthService com.alibaba.nacos.client.auth.ram.RamClientAuthServiceImpl success.
2026-07-12T22:16:26.106+08:00  INFO 38808 --- [couponkill-connector-service] [           main] c.a.nacos.client.config.impl.CacheData   : config listener notify warn timeout millis use default 60000 millis 
2026-07-12T22:16:26.107+08:00  INFO 38808 --- [couponkill-connector-service] [           main] c.a.nacos.client.config.impl.CacheData   : nacos.cache.data.init.snapshot = true 
2026-07-12T22:16:26.107+08:00  INFO 38808 --- [couponkill-connector-service] [           main] c.a.n.client.config.impl.ClientWorker    : [Config-fixed-couponkill-127.0.0.1_8848] [subscribe] couponkill-gateway-sentinel+DEFAULT_GROUP+couponkill
2026-07-12T22:16:26.118+08:00  INFO 38808 --- [couponkill-connector-service] [           main] c.a.nacos.client.config.impl.CacheData   : [Config-fixed-couponkill-127.0.0.1_8848] [add-listener] ok, tenant=couponkill, dataId=couponkill-gateway-sentinel, group=DEFAULT_GROUP, cnt=1
2026-07-12T22:16:26.119+08:00  INFO 38808 --- [couponkill-connector-service] [           main] com.alibaba.nacos.common.remote.client   : [RpcClientFactory] create a new rpc client of 539b53d6-4628-4989-b202-267ed8cb4339_config-0
2026-07-12T22:16:26.119+08:00  INFO 38808 --- [couponkill-connector-service] [           main] com.alibaba.nacos.common.remote.client   : [539b53d6-4628-4989-b202-267ed8cb4339_config-0] Register server push request handler:com.alibaba.nacos.client.config.impl.ClientWorker$ConfigRpcTransportClient$$Lambda/0x000000008828b850
2026-07-12T22:16:26.119+08:00  INFO 38808 --- [couponkill-connector-service] [           main] com.alibaba.nacos.common.remote.client   : [539b53d6-4628-4989-b202-267ed8cb4339_config-0] Register server push request handler:com.alibaba.nacos.client.config.impl.ClientWorker$ConfigRpcTransportClient$$Lambda/0x000000008828bc90
2026-07-12T22:16:26.120+08:00  INFO 38808 --- [couponkill-connector-service] [           main] com.alibaba.nacos.common.remote.client   : [539b53d6-4628-4989-b202-267ed8cb4339_config-0] Register server push request handler:com.alibaba.nacos.client.config.impl.ClientFuzzyWatchNotifyRequestHandler
2026-07-12T22:16:26.121+08:00  INFO 38808 --- [couponkill-connector-service] [           main] com.alibaba.nacos.common.remote.client   : [539b53d6-4628-4989-b202-267ed8cb4339_config-0] Registry connection listener to current client:com.alibaba.nacos.client.config.impl.ClientWorker$ConfigRpcTransportClient$1
2026-07-12T22:16:26.121+08:00  INFO 38808 --- [couponkill-connector-service] [           main] com.alibaba.nacos.common.remote.client   : [539b53d6-4628-4989-b202-267ed8cb4339_config-0] RpcClient init, ServerListFactory = com.alibaba.nacos.client.config.impl.ClientWorker$ConfigRpcTransportClient$2
2026-07-12T22:16:26.122+08:00  INFO 38808 --- [couponkill-connector-service] [           main] com.alibaba.nacos.common.remote.client   : [539b53d6-4628-4989-b202-267ed8cb4339_config-0] Try to connect to server on start up, server: {serverIp = '127.0.0.1', server main port = 8848}
2026-07-12T22:16:26.122+08:00  INFO 38808 --- [couponkill-connector-service] [           main] c.a.n.c.remote.client.grpc.GrpcClient    : grpc client connection server: 127.0.0.1 ip, serverPort: 9848, grpcTslConfig: {"enableTls":false,"mutualAuthEnable":false,"trustAll":true}
2026-07-12T22:16:26.137+08:00  INFO 38808 --- [couponkill-connector-service] [           main] com.alibaba.nacos.common.remote.client   : [539b53d6-4628-4989-b202-267ed8cb4339_config-0] Success to connect to server [127.0.0.1:8848] on start up, connectionId = 1783865786128_172.21.0.1_51776
2026-07-12T22:16:26.138+08:00  INFO 38808 --- [couponkill-connector-service] [remote.worker.0] com.alibaba.nacos.common.remote.client   : [539b53d6-4628-4989-b202-267ed8cb4339_config-0] Notify connected event to listeners.
2026-07-12T22:16:26.138+08:00  INFO 38808 --- [couponkill-connector-service] [           main] com.alibaba.nacos.common.remote.client   : [539b53d6-4628-4989-b202-267ed8cb4339_config-0] Register server push request handler:com.alibaba.nacos.common.remote.client.RpcClient$ConnectResetRequestHandler
2026-07-12T22:16:26.138+08:00  INFO 38808 --- [couponkill-connector-service] [remote.worker.0] c.a.n.client.config.impl.ClientWorker    : [539b53d6-4628-4989-b202-267ed8cb4339_config-0] Connected,notify listen context...
2026-07-12T22:16:26.138+08:00  INFO 38808 --- [couponkill-connector-service] [           main] com.alibaba.nacos.common.remote.client   : [539b53d6-4628-4989-b202-267ed8cb4339_config-0] Register server push request handler:com.alibaba.nacos.common.remote.client.RpcClient$$Lambda/0x00000000883f9378
2026-07-12T22:16:26.138+08:00  INFO 38808 --- [couponkill-connector-service] [remote.worker.0] c.a.n.client.config.impl.ClientWorker    : [539b53d6-4628-4989-b202-267ed8cb4339_config-0] Connected,notify fuzzy listen context...
2026-07-12T22:16:26.144+08:00  INFO 38808 --- [couponkill-connector-service] [           main] c.a.c.s.d.converter.SentinelConverter    : converter can not convert rules because source is empty
2026-07-12T22:16:26.165+08:00  INFO 38808 --- [couponkill-connector-service] [           main] o.s.boot.tomcat.TomcatWebServer          : Tomcat started on port 8085 (http) with context path '/'
2026-07-12T22:16:26.174+08:00  INFO 38808 --- [couponkill-connector-service] [           main] com.alibaba.nacos.client.naming          : Nacos client key init properties: 
	serverAddr=localhost:8848
	namespace=120

2026-07-12T22:16:26.175+08:00  INFO 38808 --- [couponkill-connector-service] [           main] com.alibaba.nacos.client.naming          : initializer namespace from ans.namespace attribute : null
2026-07-12T22:16:26.176+08:00  INFO 38808 --- [couponkill-connector-service] [           main] com.alibaba.nacos.client.naming          : initializer namespace from ALIBABA_ALIWARE_NAMESPACE attribute :null
2026-07-12T22:16:26.177+08:00  INFO 38808 --- [couponkill-connector-service] [           main] com.alibaba.nacos.client.naming          : initializer namespace from namespace attribute :null
2026-07-12T22:16:26.185+08:00  INFO 38808 --- [couponkill-connector-service] [           main] com.alibaba.nacos.client.naming          : FailoverDataSource type is class com.alibaba.nacos.client.naming.backups.datasource.DiskFailoverDataSource
2026-07-12T22:16:26.192+08:00  INFO 38808 --- [couponkill-connector-service] [           main] c.a.n.c.a.AbstractServerListManager      : Load and match ServerListProvider com.alibaba.nacos.client.address.EndpointServerListProvider, match result: false
2026-07-12T22:16:26.192+08:00  INFO 38808 --- [couponkill-connector-service] [           main] c.a.n.c.a.AbstractServerListManager      : Load and match ServerListProvider com.alibaba.nacos.client.address.PropertiesListProvider, match result: true
2026-07-12T22:16:26.193+08:00  INFO 38808 --- [couponkill-connector-service] [           main] c.a.n.c.a.AbstractServerListManager      : Will use com.alibaba.nacos.client.address.PropertiesListProvider as ServerListProvider
2026-07-12T22:16:26.194+08:00  INFO 38808 --- [couponkill-connector-service] [           main] c.a.n.p.a.s.c.ClientAuthPluginManager    : [ClientAuthPluginManager] Load ClientAuthService com.alibaba.nacos.client.auth.impl.NacosClientAuthServiceImpl success.
2026-07-12T22:16:26.194+08:00  INFO 38808 --- [couponkill-connector-service] [           main] c.a.n.p.a.s.c.ClientAuthPluginManager    : [ClientAuthPluginManager] Load ClientAuthService com.alibaba.nacos.client.auth.ram.RamClientAuthServiceImpl success.
2026-07-12T22:16:26.199+08:00  INFO 38808 --- [couponkill-connector-service] [           main] com.alibaba.nacos.common.remote.client   : [RpcClientFactory] create a new rpc client of f1e014a4-a586-4fc3-aa8d-41e2a808b5c1
2026-07-12T22:16:26.201+08:00  INFO 38808 --- [couponkill-connector-service] [           main] com.alibaba.nacos.client.naming          : Create naming rpc client for uuid->f1e014a4-a586-4fc3-aa8d-41e2a808b5c1
2026-07-12T22:16:26.201+08:00  INFO 38808 --- [couponkill-connector-service] [           main] com.alibaba.nacos.common.remote.client   : [f1e014a4-a586-4fc3-aa8d-41e2a808b5c1] RpcClient init, ServerListFactory = com.alibaba.nacos.client.naming.core.NamingServerListManager
2026-07-12T22:16:26.202+08:00  INFO 38808 --- [couponkill-connector-service] [           main] com.alibaba.nacos.common.remote.client   : [f1e014a4-a586-4fc3-aa8d-41e2a808b5c1] Registry connection listener to current client:com.alibaba.nacos.client.naming.remote.gprc.redo.NamingGrpcRedoService
2026-07-12T22:16:26.203+08:00  INFO 38808 --- [couponkill-connector-service] [           main] com.alibaba.nacos.common.remote.client   : [f1e014a4-a586-4fc3-aa8d-41e2a808b5c1] Register server push request handler:com.alibaba.nacos.client.naming.remote.gprc.NamingPushRequestHandler
2026-07-12T22:16:26.204+08:00  INFO 38808 --- [couponkill-connector-service] [           main] com.alibaba.nacos.common.remote.client   : [f1e014a4-a586-4fc3-aa8d-41e2a808b5c1] Register server push request handler:com.alibaba.nacos.client.naming.remote.gprc.NamingFuzzyWatchNotifyRequestHandler
2026-07-12T22:16:26.204+08:00  INFO 38808 --- [couponkill-connector-service] [           main] com.alibaba.nacos.common.remote.client   : [f1e014a4-a586-4fc3-aa8d-41e2a808b5c1] Try to connect to server on start up, server: {serverIp = 'localhost', server main port = 8848}
2026-07-12T22:16:26.205+08:00  INFO 38808 --- [couponkill-connector-service] [           main] c.a.n.c.remote.client.grpc.GrpcClient    : grpc client connection server: localhost ip, serverPort: 9848, grpcTslConfig: {"enableTls":false,"mutualAuthEnable":false,"trustAll":true}
2026-07-12T22:16:26.220+08:00  INFO 38808 --- [couponkill-connector-service] [           main] com.alibaba.nacos.common.remote.client   : [f1e014a4-a586-4fc3-aa8d-41e2a808b5c1] Success to connect to server [localhost:8848] on start up, connectionId = 1783865786212_172.21.0.1_51780
2026-07-12T22:16:26.220+08:00  INFO 38808 --- [couponkill-connector-service] [           main] com.alibaba.nacos.common.remote.client   : [f1e014a4-a586-4fc3-aa8d-41e2a808b5c1] Register server push request handler:com.alibaba.nacos.common.remote.client.RpcClient$ConnectResetRequestHandler
2026-07-12T22:16:26.220+08:00  INFO 38808 --- [couponkill-connector-service] [remote.worker.0] com.alibaba.nacos.common.remote.client   : [f1e014a4-a586-4fc3-aa8d-41e2a808b5c1] Notify connected event to listeners.
2026-07-12T22:16:26.220+08:00  INFO 38808 --- [couponkill-connector-service] [           main] com.alibaba.nacos.common.remote.client   : [f1e014a4-a586-4fc3-aa8d-41e2a808b5c1] Register server push request handler:com.alibaba.nacos.common.remote.client.RpcClient$$Lambda/0x00000000883f9378
2026-07-12T22:16:26.221+08:00  INFO 38808 --- [couponkill-connector-service] [remote.worker.0] com.alibaba.nacos.client.naming          : Grpc connection connect
2026-07-12T22:16:26.223+08:00  INFO 38808 --- [couponkill-connector-service] [           main] com.alibaba.nacos.client.naming          : [REGISTER-SERVICE] 120 registering service couponkill-connector-service with instance Instance{instanceId='null', ip='172.27.112.1', port=8085, weight=1.0, healthy=true, enabled=true, ephemeral=true, clusterName='', serviceName='null', metadata={IPv6=[2409:8d00:105c:4c6:bc53:88ac:d9d3:fa38], preserved.register.source=SPRING_CLOUD}}
2026-07-12T22:16:26.239+08:00  INFO 38808 --- [couponkill-connector-service] [           main] c.a.c.n.registry.NacosServiceRegistry    : nacos registry, DEFAULT_GROUP couponkill-connector-service 172.27.112.1:8085 register finished
2026-07-12T22:16:26.265+08:00  INFO 38808 --- [couponkill-connector-service] [           main] .c.CouponkillConnectorServiceApplication : Started CouponkillConnectorServiceApplication in 9.145 seconds (process running for 9.712)
2026-07-12T22:16:26.269+08:00  WARN 38808 --- [couponkill-connector-service] [           main] c.a.s.c.config.InternalTokenGuard        : 【安全】connector.internal-token 仍为默认值，仅限本地联调
2026-07-12T22:16:26.272+08:00  WARN 38808 --- [couponkill-connector-service] [           main] o.s.core.events.SpringDocAppInitializer  : SpringDoc /v3/api-docs endpoint is enabled by default. To disable it in production, set the property 'springdoc.api-docs.enabled=false'
2026-07-12T22:16:26.273+08:00  WARN 38808 --- [couponkill-connector-service] [           main] o.s.core.events.SpringDocAppInitializer  : SpringDoc /swagger-ui.html endpoint is enabled by default. To disable it in production, set the property 'springdoc.swagger-ui.enabled=false'
2026-07-12T22:16:26.277+08:00  INFO 38808 --- [couponkill-connector-service] [           main] c.a.n.client.config.impl.ClientWorker    : [Config-fixed-120-localhost_8848] [subscribe] couponkill-connector-service.yaml+DEFAULT_GROUP+120
2026-07-12T22:16:26.277+08:00  INFO 38808 --- [couponkill-connector-service] [           main] c.a.nacos.client.config.impl.CacheData   : [Config-fixed-120-localhost_8848] [add-listener] ok, tenant=120, dataId=couponkill-connector-service.yaml, group=DEFAULT_GROUP, cnt=1
2026-07-12T22:16:26.278+08:00  INFO 38808 --- [couponkill-connector-service] [           main] c.a.c.n.refresh.NacosContextRefresher    : [Nacos Config] Listening config: dataId=couponkill-connector-service.yaml, group=DEFAULT_GROUP
2026-07-12T22:16:26.282+08:00  INFO 38808 --- [couponkill-connector-service] [           main] c.a.n.client.config.impl.ClientWorker    : [Config-fixed-120-localhost_8848] [subscribe] common.yaml+DEFAULT_GROUP+120
2026-07-12T22:16:26.283+08:00  INFO 38808 --- [couponkill-connector-service] [           main] c.a.nacos.client.config.impl.CacheData   : [Config-fixed-120-localhost_8848] [add-listener] ok, tenant=120, dataId=common.yaml, group=DEFAULT_GROUP, cnt=1
2026-07-12T22:16:26.283+08:00  INFO 38808 --- [couponkill-connector-service] [           main] c.a.c.n.refresh.NacosContextRefresher    : [Nacos Config] Listening config: dataId=common.yaml, group=DEFAULT_GROUP
2026-07-12T22:16:28.651+08:00  INFO 38808 --- [couponkill-connector-service] [omcat-handler-0] o.a.c.c.C.[Tomcat].[localhost].[/]       : Initializing Spring DispatcherServlet 'dispatcherServlet'
2026-07-12T22:16:28.652+08:00  INFO 38808 --- [couponkill-connector-service] [omcat-handler-0] o.s.web.servlet.DispatcherServlet        : Initializing Servlet 'dispatcherServlet'
2026-07-12T22:16:28.654+08:00  INFO 38808 --- [couponkill-connector-service] [omcat-handler-0] o.s.web.servlet.DispatcherServlet        : Completed initialization in 1 ms
2026-07-12T22:16:29.338+08:00  INFO 38808 --- [couponkill-connector-service] [omcat-handler-1] com.zaxxer.hikari.HikariDataSource       : HikariPool-1 - Starting...
2026-07-12T22:16:29.549+08:00  INFO 38808 --- [couponkill-connector-service] [omcat-handler-1] com.zaxxer.hikari.pool.HikariPool        : HikariPool-1 - Added connection org.postgresql.jdbc.PgConnection@67ec1020
2026-07-12T22:16:29.552+08:00  INFO 38808 --- [couponkill-connector-service] [omcat-handler-1] com.zaxxer.hikari.HikariDataSource       : HikariPool-1 - Start completed.
2026-07-12T22:16:29.686+08:00  INFO 38808 --- [couponkill-connector-service] [omcat-handler-1] com.alibaba.nacos.client.naming          : [SUBSCRIBE-SERVICE] service:couponkill-coupon-service, group:DEFAULT_GROUP, clusters: 
2026-07-12T22:16:29.687+08:00  INFO 38808 --- [couponkill-connector-service] [omcat-handler-1] com.alibaba.nacos.client.naming          : [GRPC-SUBSCRIBE] service:couponkill-coupon-service, group:DEFAULT_GROUP, cluster: 
2026-07-12T22:16:29.700+08:00  INFO 38808 --- [couponkill-connector-service] [omcat-handler-1] com.alibaba.nacos.client.naming          : init new ips(1) service: DEFAULT_GROUP@@couponkill-coupon-service -> [{"instanceId":"172.27.112.1#8080##DEFAULT_GROUP@@couponkill-coupon-service","ip":"172.27.112.1","port":8080,"weight":1.0,"healthy":true,"enabled":true,"ephemeral":true,"clusterName":"DEFAULT","serviceName":"DEFAULT_GROUP@@couponkill-coupon-service","metadata":{"preserved.heart.beat.timeout":"30000","preserved.register.source":"SPRING_CLOUD","IPv6":"[2409:8d00:105c:4c6:bc53:88ac:d9d3:fa38]"},"ipDeleteTimeout":30000,"instanceHeartBeatTimeOut":30000,"instanceHeartBeatInterval":5000}]
2026-07-12T22:16:29.703+08:00  INFO 38808 --- [couponkill-connector-service] [omcat-handler-1] com.alibaba.nacos.client.naming          : current ips:(1) service: DEFAULT_GROUP@@couponkill-coupon-service -> [{"instanceId":"172.27.112.1#8080##DEFAULT_GROUP@@couponkill-coupon-service","ip":"172.27.112.1","port":8080,"weight":1.0,"healthy":true,"enabled":true,"ephemeral":true,"clusterName":"DEFAULT","serviceName":"DEFAULT_GROUP@@couponkill-coupon-service","metadata":{"preserved.heart.beat.timeout":"30000","preserved.register.source":"SPRING_CLOUD","IPv6":"[2409:8d00:105c:4c6:bc53:88ac:d9d3:fa38]"},"ipDeleteTimeout":30000,"instanceHeartBeatTimeOut":30000,"instanceHeartBeatInterval":5000}]
2026-07-12T22:16:30.256+08:00  INFO 38808 --- [couponkill-connector-service] [or-localhost-17] com.alibaba.nacos.common.remote.client   : [f1e014a4-a586-4fc3-aa8d-41e2a808b5c1] Receive server push request, request = NotifySubscriberRequest, requestId = 34
2026-07-12T22:16:30.257+08:00  INFO 38808 --- [couponkill-connector-service] [or-localhost-17] com.alibaba.nacos.common.remote.client   : [f1e014a4-a586-4fc3-aa8d-41e2a808b5c1] Ack server push request, request = NotifySubscriberRequest, requestId = 34
2026-07-12T22:16:31.308+08:00  INFO 38808 --- [couponkill-connector-service] [omcat-handler-1] c.a.s.c.service.BindingService           : 库存同步完成 bindingId=1 couponId=1001 target=888 applied=50 force=false status=SUCCESS
2026-07-12T22:17:00.050+08:00  INFO 38808 --- [couponkill-connector-service] [   scheduling-2] c.a.s.c.service.BindingService           : 库存同步完成 bindingId=1 couponId=1001 target=888 applied=888 force=false status=SUCCESS
2026-07-12T22:17:00.052+08:00  INFO 38808 --- [couponkill-connector-service] [   scheduling-2] c.a.s.c.job.StockSyncJob                 : 定时库存同步完成: successCount=1 (safe-merge)
2026-07-12T22:18:00.039+08:00  INFO 38808 --- [couponkill-connector-service] [   scheduling-3] c.a.s.c.service.BindingService           : 库存同步完成 bindingId=1 couponId=1001 target=888 applied=888 force=false status=SUCCESS
2026-07-12T22:18:00.040+08:00  INFO 38808 --- [couponkill-connector-service] [   scheduling-3] c.a.s.c.job.StockSyncJob                 : 定时库存同步完成: successCount=1 (safe-merge)
2026-07-12T22:19:00.044+08:00  INFO 38808 --- [couponkill-connector-service] [   scheduling-4] c.a.s.c.service.BindingService           : 库存同步完成 bindingId=1 couponId=1001 target=888 applied=888 force=false status=SUCCESS
2026-07-12T22:19:00.046+08:00  INFO 38808 --- [couponkill-connector-service] [   scheduling-4] c.a.s.c.job.StockSyncJob                 : 定时库存同步完成: successCount=1 (safe-merge)
2026-07-12T22:20:00.041+08:00  INFO 38808 --- [couponkill-connector-service] [   scheduling-5] c.a.s.c.service.BindingService           : 库存同步完成 bindingId=1 couponId=1001 target=888 applied=888 force=false status=SUCCESS
2026-07-12T22:20:00.043+08:00  INFO 38808 --- [couponkill-connector-service] [   scheduling-5] c.a.s.c.job.StockSyncJob                 : 定时库存同步完成: successCount=1 (safe-merge)
2026-07-12T22:21:00.040+08:00  INFO 38808 --- [couponkill-connector-service] [   scheduling-6] c.a.s.c.service.BindingService           : 库存同步完成 bindingId=1 couponId=1001 target=888 applied=888 force=false status=SUCCESS
2026-07-12T22:21:00.042+08:00  INFO 38808 --- [couponkill-connector-service] [   scheduling-6] c.a.s.c.job.StockSyncJob                 : 定时库存同步完成: successCount=1 (safe-merge)
2026-07-12T22:22:00.039+08:00  INFO 38808 --- [couponkill-connector-service] [   scheduling-7] c.a.s.c.service.BindingService           : 库存同步完成 bindingId=1 couponId=1001 target=888 applied=888 force=false status=SUCCESS
2026-07-12T22:22:00.041+08:00  INFO 38808 --- [couponkill-connector-service] [   scheduling-7] c.a.s.c.job.StockSyncJob                 : 定时库存同步完成: successCount=1 (safe-merge)
2026-07-12T22:23:00.038+08:00  INFO 38808 --- [couponkill-connector-service] [   scheduling-8] c.a.s.c.service.BindingService           : 库存同步完成 bindingId=1 couponId=1001 target=888 applied=888 force=false status=SUCCESS
2026-07-12T22:23:00.040+08:00  INFO 38808 --- [couponkill-connector-service] [   scheduling-8] c.a.s.c.job.StockSyncJob                 : 定时库存同步完成: successCount=1 (safe-merge)
2026-07-12T22:24:00.040+08:00  INFO 38808 --- [couponkill-connector-service] [   scheduling-9] c.a.s.c.service.BindingService           : 库存同步完成 bindingId=1 couponId=1001 target=888 applied=888 force=false status=SUCCESS
2026-07-12T22:24:00.042+08:00  INFO 38808 --- [couponkill-connector-service] [   scheduling-9] c.a.s.c.job.StockSyncJob                 : 定时库存同步完成: successCount=1 (safe-merge)
2026-07-12T22:25:00.038+08:00  INFO 38808 --- [couponkill-connector-service] [  scheduling-10] c.a.s.c.service.BindingService           : 库存同步完成 bindingId=1 couponId=1001 target=888 applied=868 force=false status=SUCCESS
2026-07-12T22:25:00.041+08:00  INFO 38808 --- [couponkill-connector-service] [  scheduling-10] c.a.s.c.job.StockSyncJob                 : 定时库存同步完成: successCount=1 (safe-merge)
2026-07-12T22:26:00.035+08:00  INFO 38808 --- [couponkill-connector-service] [  scheduling-11] c.a.s.c.service.BindingService           : 库存同步完成 bindingId=1 couponId=1001 target=888 applied=868 force=false status=SUCCESS
2026-07-12T22:26:00.036+08:00  INFO 38808 --- [couponkill-connector-service] [  scheduling-11] c.a.s.c.job.StockSyncJob                 : 定时库存同步完成: successCount=1 (safe-merge)
2026-07-12T22:27:00.044+08:00  INFO 38808 --- [couponkill-connector-service] [  scheduling-12] c.a.s.c.service.BindingService           : 库存同步完成 bindingId=1 couponId=1001 target=888 applied=868 force=false status=SUCCESS
2026-07-12T22:27:00.046+08:00  INFO 38808 --- [couponkill-connector-service] [  scheduling-12] c.a.s.c.job.StockSyncJob                 : 定时库存同步完成: successCount=1 (safe-merge)
2026-07-12T22:28:00.036+08:00  INFO 38808 --- [couponkill-connector-service] [  scheduling-13] c.a.s.c.service.BindingService           : 库存同步完成 bindingId=1 couponId=1001 target=888 applied=868 force=false status=SUCCESS
2026-07-12T22:28:00.038+08:00  INFO 38808 --- [couponkill-connector-service] [  scheduling-13] c.a.s.c.job.StockSyncJob                 : 定时库存同步完成: successCount=1 (safe-merge)
2026-07-12T22:29:00.037+08:00  INFO 38808 --- [couponkill-connector-service] [  scheduling-14] c.a.s.c.service.BindingService           : 库存同步完成 bindingId=1 couponId=1001 target=888 applied=868 force=false status=SUCCESS
2026-07-12T22:29:00.039+08:00  INFO 38808 --- [couponkill-connector-service] [  scheduling-14] c.a.s.c.job.StockSyncJob                 : 定时库存同步完成: successCount=1 (safe-merge)
2026-07-12T22:30:00.035+08:00  INFO 38808 --- [couponkill-connector-service] [  scheduling-15] c.a.s.c.service.BindingService           : 库存同步完成 bindingId=1 couponId=1001 target=888 applied=868 force=false status=SUCCESS
2026-07-12T22:30:00.037+08:00  INFO 38808 --- [couponkill-connector-service] [  scheduling-15] c.a.s.c.job.StockSyncJob                 : 定时库存同步完成: successCount=1 (safe-merge)
2026-07-12T22:31:00.042+08:00  INFO 38808 --- [couponkill-connector-service] [  scheduling-16] c.a.s.c.service.BindingService           : 库存同步完成 bindingId=1 couponId=1001 target=888 applied=868 force=false status=SUCCESS
2026-07-12T22:31:00.044+08:00  INFO 38808 --- [couponkill-connector-service] [  scheduling-16] c.a.s.c.job.StockSyncJob                 : 定时库存同步完成: successCount=1 (safe-merge)
2026-07-12T22:32:00.042+08:00  INFO 38808 --- [couponkill-connector-service] [  scheduling-17] c.a.s.c.service.BindingService           : 库存同步完成 bindingId=1 couponId=1001 target=888 applied=868 force=false status=SUCCESS
2026-07-12T22:32:00.044+08:00  INFO 38808 --- [couponkill-connector-service] [  scheduling-17] c.a.s.c.job.StockSyncJob                 : 定时库存同步完成: successCount=1 (safe-merge)
2026-07-12T22:33:00.051+08:00  INFO 38808 --- [couponkill-connector-service] [  scheduling-18] c.a.s.c.service.BindingService           : 库存同步完成 bindingId=1 couponId=1001 target=888 applied=868 force=false status=SUCCESS
2026-07-12T22:33:00.053+08:00  INFO 38808 --- [couponkill-connector-service] [  scheduling-18] c.a.s.c.job.StockSyncJob                 : 定时库存同步完成: successCount=1 (safe-merge)
2026-07-12T22:34:00.056+08:00  INFO 38808 --- [couponkill-connector-service] [  scheduling-19] c.a.s.c.service.BindingService           : 库存同步完成 bindingId=1 couponId=1001 target=888 applied=868 force=false status=SUCCESS
2026-07-12T22:34:00.058+08:00  INFO 38808 --- [couponkill-connector-service] [  scheduling-19] c.a.s.c.job.StockSyncJob                 : 定时库存同步完成: successCount=1 (safe-merge)
2026-07-12T22:35:00.039+08:00  INFO 38808 --- [couponkill-connector-service] [  scheduling-20] c.a.s.c.service.BindingService           : 库存同步完成 bindingId=1 couponId=1001 target=888 applied=868 force=false status=SUCCESS
2026-07-12T22:35:00.041+08:00  INFO 38808 --- [couponkill-connector-service] [  scheduling-20] c.a.s.c.job.StockSyncJob                 : 定时库存同步完成: successCount=1 (safe-merge)
2026-07-12T22:36:00.036+08:00  INFO 38808 --- [couponkill-connector-service] [  scheduling-21] c.a.s.c.service.BindingService           : 库存同步完成 bindingId=1 couponId=1001 target=888 applied=868 force=false status=SUCCESS
2026-07-12T22:36:00.037+08:00  INFO 38808 --- [couponkill-connector-service] [  scheduling-21] c.a.s.c.job.StockSyncJob                 : 定时库存同步完成: successCount=1 (safe-merge)
2026-07-12T22:36:04.377+08:00  INFO 38808 --- [couponkill-connector-service] [or-localhost-39] com.alibaba.nacos.common.remote.client   : [f1e014a4-a586-4fc3-aa8d-41e2a808b5c1] Receive server push request, request = NotifySubscriberRequest, requestId = 36
2026-07-12T22:36:04.379+08:00  INFO 38808 --- [couponkill-connector-service] [or-localhost-39] com.alibaba.nacos.client.naming          : removed ips(1) service: DEFAULT_GROUP@@couponkill-coupon-service -> [{"instanceId":"172.27.112.1#8080##DEFAULT_GROUP@@couponkill-coupon-service","ip":"172.27.112.1","port":8080,"weight":1.0,"healthy":true,"enabled":true,"ephemeral":true,"clusterName":"DEFAULT","serviceName":"DEFAULT_GROUP@@couponkill-coupon-service","metadata":{"preserved.heart.beat.timeout":"30000","preserved.register.source":"SPRING_CLOUD","IPv6":"[2409:8d00:105c:4c6:bc53:88ac:d9d3:fa38]"},"ipDeleteTimeout":30000,"instanceHeartBeatTimeOut":30000,"instanceHeartBeatInterval":5000}]
2026-07-12T22:36:04.379+08:00  INFO 38808 --- [couponkill-connector-service] [or-localhost-39] com.alibaba.nacos.client.naming          : current ips:(0) service: DEFAULT_GROUP@@couponkill-coupon-service -> []
2026-07-12T22:36:04.389+08:00  INFO 38808 --- [couponkill-connector-service] [or-localhost-39] com.alibaba.nacos.common.remote.client   : [f1e014a4-a586-4fc3-aa8d-41e2a808b5c1] Ack server push request, request = NotifySubscriberRequest, requestId = 36
