22:36:38.892 [main] INFO com.alibaba.nacos.plugin.auth.spi.client.ClientAuthPluginManager -- [ClientAuthPluginManager] Load ClientAuthService com.alibaba.nacos.client.auth.impl.NacosClientAuthServiceImpl success.
22:36:38.893 [main] INFO com.alibaba.nacos.plugin.auth.spi.client.ClientAuthPluginManager -- [ClientAuthPluginManager] Load ClientAuthService com.alibaba.nacos.client.auth.ram.RamClientAuthServiceImpl success.
22:36:40.021 [main] INFO com.alibaba.nacos.common.ability.AbstractAbilityControlManager -- Ready to get current node abilities...
22:36:40.025 [main] INFO com.alibaba.nacos.common.ability.AbstractAbilityControlManager -- Ready to initialize current node abilities, support modes: [SDK_CLIENT]
22:36:40.026 [main] INFO com.alibaba.nacos.common.ability.AbstractAbilityControlManager -- Initialize current abilities finish...
22:36:40.028 [main] INFO com.alibaba.nacos.common.ability.discover.NacosAbilityManagerHolder -- [AbilityControlManager] Successfully initialize AbilityControlManager

  .   ____          _            __ _ _
 /\\ / ___'_ __ _ _(_)_ __  __ _ \ \ \ \
( ( )\___ | '_ | '_| | '_ \/ _` | \ \ \ \
 \\/  ___)| |_)| | | | | || (_| |  ) ) ) )
  '  |____| .__|_| |_|_| |_\__, | / / / /
 =========|_|==============|___/=/_/_/_/

 :: Spring Boot ::                (v4.0.5)

INFO: Sentinel log output type is: file
INFO: Sentinel log charset is: utf-8
INFO: Sentinel log base directory is: C:\Users\liuyu\logs\csp\
INFO: Sentinel log name use pid is: false
INFO: Sentinel log level is: INFO
2026-07-12T22:36:40.842+08:00  INFO 58640 --- [couponkill-coupon-service] [           main] a.s.c.CouponkillCouponServiceApplication : Starting CouponkillCouponServiceApplication using Java 25.0.3 with PID 58640 (D:\job-project\couponkill-cloud-native\couponkill-coupon-service\target\couponkill-coupon-service-1.0-SNAPSHOT.jar started by liuyu in D:\job-project\couponkill-cloud-native)
2026-07-12T22:36:40.843+08:00  INFO 58640 --- [couponkill-coupon-service] [           main] a.s.c.CouponkillCouponServiceApplication : The following 1 profile is active: "dev"
2026-07-12T22:36:41.204+08:00  INFO 58640 --- [couponkill-coupon-service] [           main] c.a.c.n.c.NacosConfigDataLoader          : [Nacos Config] Load config[dataId=couponkill-coupon-service.yaml, group=DEFAULT_GROUP] success
2026-07-12T22:36:41.205+08:00  INFO 58640 --- [couponkill-coupon-service] [           main] c.a.c.n.c.NacosConfigDataLoader          : [Nacos Config] Load config[dataId=common.yaml, group=DEFAULT_GROUP] success
2026-07-12T22:36:43.263+08:00  INFO 58640 --- [couponkill-coupon-service] [           main] .s.d.r.c.RepositoryConfigurationDelegate : Multiple Spring Data modules found, entering strict repository configuration mode
2026-07-12T22:36:43.269+08:00  INFO 58640 --- [couponkill-coupon-service] [           main] .s.d.r.c.RepositoryConfigurationDelegate : Bootstrapping Spring Data Redis repositories in DEFAULT mode.
2026-07-12T22:36:43.305+08:00  INFO 58640 --- [couponkill-coupon-service] [           main] .s.d.r.c.RepositoryConfigurationDelegate : Finished Spring Data repository scanning in 7 ms. Found 0 Redis repository interfaces.
2026-07-12T22:36:43.696+08:00  INFO 58640 --- [couponkill-coupon-service] [           main] o.s.cloud.context.scope.GenericScope     : BeanFactory id=0fd4d7e3-4009-3302-9b00-15af79d89eed
2026-07-12T22:36:45.045+08:00  INFO 58640 --- [couponkill-coupon-service] [           main] o.s.boot.tomcat.TomcatWebServer          : Tomcat initialized with port 8080 (http)
2026-07-12T22:36:45.068+08:00  INFO 58640 --- [couponkill-coupon-service] [           main] o.apache.catalina.core.StandardService   : Starting service [Tomcat]
2026-07-12T22:36:45.068+08:00  INFO 58640 --- [couponkill-coupon-service] [           main] o.apache.catalina.core.StandardEngine    : Starting Servlet engine: [Apache Tomcat/11.0.20]
2026-07-12T22:36:45.115+08:00  INFO 58640 --- [couponkill-coupon-service] [           main] b.w.c.s.WebApplicationContextInitializer : Root WebApplicationContext: initialization completed in 3901 ms
2026-07-12T22:36:45.219+08:00  INFO 58640 --- [couponkill-coupon-service] [           main] c.a.n.client.config.NacosConfigService   : Nacos client key init properties: 
	serverAddr=127.0.0.1:8848
	namespace=998

2026-07-12T22:36:45.221+08:00  INFO 58640 --- [couponkill-coupon-service] [           main] c.a.n.c.a.AbstractServerListManager      : Load and match ServerListProvider com.alibaba.nacos.client.address.EndpointServerListProvider, match result: false
2026-07-12T22:36:45.221+08:00  INFO 58640 --- [couponkill-coupon-service] [           main] c.a.n.c.a.AbstractServerListManager      : Load and match ServerListProvider com.alibaba.nacos.client.address.PropertiesListProvider, match result: true
2026-07-12T22:36:45.222+08:00  INFO 58640 --- [couponkill-coupon-service] [           main] c.a.n.c.a.AbstractServerListManager      : Will use com.alibaba.nacos.client.address.PropertiesListProvider as ServerListProvider
2026-07-12T22:36:45.224+08:00  INFO 58640 --- [couponkill-coupon-service] [           main] com.alibaba.nacos.common.labels          : DefaultLabelsCollectorManager get labels.....
2026-07-12T22:36:45.224+08:00  INFO 58640 --- [couponkill-coupon-service] [           main] com.alibaba.nacos.common.labels          : Process LabelsCollector with [name:defaultNacosLabelsCollector]
2026-07-12T22:36:45.224+08:00  INFO 58640 --- [couponkill-coupon-service] [           main] com.alibaba.nacos.common.labels          : default nacos collect properties raw labels: null
2026-07-12T22:36:45.224+08:00  INFO 58640 --- [couponkill-coupon-service] [           main] com.alibaba.nacos.common.labels          : default nacos collect properties labels: {}
2026-07-12T22:36:45.224+08:00  INFO 58640 --- [couponkill-coupon-service] [           main] com.alibaba.nacos.common.labels          : default nacos collect jvm raw labels: null
2026-07-12T22:36:45.225+08:00  INFO 58640 --- [couponkill-coupon-service] [           main] com.alibaba.nacos.common.labels          : default nacos collect jvm labels: {}
2026-07-12T22:36:45.225+08:00  INFO 58640 --- [couponkill-coupon-service] [           main] com.alibaba.nacos.common.labels          : default nacos collect env raw labels: null
2026-07-12T22:36:45.225+08:00  INFO 58640 --- [couponkill-coupon-service] [           main] com.alibaba.nacos.common.labels          : default nacos collect env labels: {}
2026-07-12T22:36:45.225+08:00  INFO 58640 --- [couponkill-coupon-service] [           main] com.alibaba.nacos.common.labels          : DefaultLabelsCollectorManager get labels finished,labels :{}
2026-07-12T22:36:45.226+08:00  INFO 58640 --- [couponkill-coupon-service] [           main] c.a.n.p.a.s.c.ClientAuthPluginManager    : [ClientAuthPluginManager] Load ClientAuthService com.alibaba.nacos.client.auth.impl.NacosClientAuthServiceImpl success.
2026-07-12T22:36:45.226+08:00  INFO 58640 --- [couponkill-coupon-service] [           main] c.a.n.p.a.s.c.ClientAuthPluginManager    : [ClientAuthPluginManager] Load ClientAuthService com.alibaba.nacos.client.auth.ram.RamClientAuthServiceImpl success.
2026-07-12T22:36:45.227+08:00  INFO 58640 --- [couponkill-coupon-service] [           main] com.alibaba.nacos.common.remote.client   : [RpcClientFactory] create a new rpc client of 82dec30f-6455-43b9-ba49-5401c27507e0_config-0
2026-07-12T22:36:45.227+08:00  INFO 58640 --- [couponkill-coupon-service] [           main] com.alibaba.nacos.common.remote.client   : [82dec30f-6455-43b9-ba49-5401c27507e0_config-0] Register server push request handler:com.alibaba.nacos.client.config.impl.ClientWorker$ConfigRpcTransportClient$$Lambda/0x00000000983d7800
2026-07-12T22:36:45.227+08:00  INFO 58640 --- [couponkill-coupon-service] [           main] com.alibaba.nacos.common.remote.client   : [82dec30f-6455-43b9-ba49-5401c27507e0_config-0] Register server push request handler:com.alibaba.nacos.client.config.impl.ClientWorker$ConfigRpcTransportClient$$Lambda/0x00000000983d8000
2026-07-12T22:36:45.228+08:00  INFO 58640 --- [couponkill-coupon-service] [           main] com.alibaba.nacos.common.remote.client   : [82dec30f-6455-43b9-ba49-5401c27507e0_config-0] Register server push request handler:com.alibaba.nacos.client.config.impl.ClientFuzzyWatchNotifyRequestHandler
2026-07-12T22:36:45.228+08:00  INFO 58640 --- [couponkill-coupon-service] [           main] com.alibaba.nacos.common.remote.client   : [82dec30f-6455-43b9-ba49-5401c27507e0_config-0] Registry connection listener to current client:com.alibaba.nacos.client.config.impl.ClientWorker$ConfigRpcTransportClient$1
2026-07-12T22:36:45.228+08:00  INFO 58640 --- [couponkill-coupon-service] [           main] com.alibaba.nacos.common.remote.client   : [82dec30f-6455-43b9-ba49-5401c27507e0_config-0] RpcClient init, ServerListFactory = com.alibaba.nacos.client.config.impl.ClientWorker$ConfigRpcTransportClient$2
2026-07-12T22:36:45.229+08:00  INFO 58640 --- [couponkill-coupon-service] [           main] com.alibaba.nacos.common.remote.client   : [82dec30f-6455-43b9-ba49-5401c27507e0_config-0] Try to connect to server on start up, server: {serverIp = '127.0.0.1', server main port = 8848}
2026-07-12T22:36:45.229+08:00  INFO 58640 --- [couponkill-coupon-service] [           main] c.a.n.c.remote.client.grpc.GrpcClient    : grpc client connection server: 127.0.0.1 ip, serverPort: 9848, grpcTslConfig: {"enableTls":false,"mutualAuthEnable":false,"trustAll":true}
2026-07-12T22:36:45.246+08:00  INFO 58640 --- [couponkill-coupon-service] [           main] com.alibaba.nacos.common.remote.client   : [82dec30f-6455-43b9-ba49-5401c27507e0_config-0] Success to connect to server [127.0.0.1:8848] on start up, connectionId = 1783867005236_172.21.0.1_57756
2026-07-12T22:36:45.246+08:00  INFO 58640 --- [couponkill-coupon-service] [           main] com.alibaba.nacos.common.remote.client   : [82dec30f-6455-43b9-ba49-5401c27507e0_config-0] Register server push request handler:com.alibaba.nacos.common.remote.client.RpcClient$ConnectResetRequestHandler
2026-07-12T22:36:45.246+08:00  INFO 58640 --- [couponkill-coupon-service] [remote.worker.1] com.alibaba.nacos.common.remote.client   : [82dec30f-6455-43b9-ba49-5401c27507e0_config-0] Notify connected event to listeners.
2026-07-12T22:36:45.246+08:00  INFO 58640 --- [couponkill-coupon-service] [           main] com.alibaba.nacos.common.remote.client   : [82dec30f-6455-43b9-ba49-5401c27507e0_config-0] Register server push request handler:com.alibaba.nacos.common.remote.client.RpcClient$$Lambda/0x0000000098630c00
2026-07-12T22:36:45.246+08:00  INFO 58640 --- [couponkill-coupon-service] [remote.worker.1] c.a.n.client.config.impl.ClientWorker    : [82dec30f-6455-43b9-ba49-5401c27507e0_config-0] Connected,notify listen context...
2026-07-12T22:36:45.246+08:00  INFO 58640 --- [couponkill-coupon-service] [remote.worker.1] c.a.n.client.config.impl.ClientWorker    : [82dec30f-6455-43b9-ba49-5401c27507e0_config-0] Connected,notify fuzzy listen context...
2026-07-12T22:36:45.256+08:00  INFO 58640 --- [couponkill-coupon-service] [           main] c.a.s.c.c.CouponShardingSphereConfig     : 从Nacos获取到的ShardingSphere配置: # 单节点模式数据源配置
dataSources:
  coupon-db-0:
    driverClassName: org.postgresql.Driver
    jdbcUrl: jdbc:postgresql://127.0.0.1:5432/coupon_db_0?reWriteBatchedInserts=true&ApplicationName=couponkill-coupon
    username: postgres
    password: postgres
    dataSourceClassName: com.zaxxer.hikari.HikariDataSource
    connectionTimeout: 2000
    idleTimeout: 600000
    maxLifetime: 1800000
    maximumPoolSize: 32
    minimumIdle: 4
    leakDetectionThreshold: 60000
  coupon-db-1:
    driverClassName: org.postgresql.Driver
    jdbcUrl: jdbc:postgresql://127.0.0.1:5432/coupon_db_1?reWriteBatchedInserts=true&ApplicationName=couponkill-coupon
    username: postgres
    password: postgres
    dataSourceClassName: com.zaxxer.hikari.HikariDataSource
    connectionTimeout: 2000
    idleTimeout: 600000
    maxLifetime: 1800000
    maximumPoolSize: 32
    minimumIdle: 4
    leakDetectionThreshold: 60000

# 集群模式数据源配置（注释掉单节点配置后启用）
# dataSources:
#   # 数据库集群0
#   coupon-db-cluster-0-master:
#     driverClassName: com.mysql.cj.jdbc.Driver
#     jdbcUrl: jdbc:mysql://coupon-db-cluster-0-master:3306/coupon?serverTimezone=Asia/Shanghai&useUnicode=true&characterEncoding=utf-8&useSSL=false
#     username: root
#     password: root
#     dataSourceClassName: com.zaxxer.hikari.HikariDataSource
#     connectionTimeout: 2000
#     idleTimeout: 600000
#     maxLifetime: 1800000
#     maximumPoolSize: 32
#     minimumIdle: 4
#   coupon-db-cluster-0-slave-0:
#     driverClassName: com.mysql.cj.jdbc.Driver
#     jdbcUrl: jdbc:mysql://coupon-db-cluster-0-slave-0:3306/coupon?serverTimezone=Asia/Shanghai&useUnicode=true&characterEncoding=utf-8&useSSL=false
#     username: root
#     password: root
#     dataSourceClassName: com.zaxxer.hikari.HikariDataSource
#     connectionTimeout: 2000
#     idleTimeout: 600000
#     maxLifetime: 1800000
#     maximumPoolSize: 32
#     minimumIdle: 4
#   # 数据库集群1
#   coupon-db-cluster-1-master:
#     driverClassName: com.mysql.cj.jdbc.Driver
#     jdbcUrl: jdbc:mysql://coupon-db-cluster-1-master:3306/coupon?serverTimezone=Asia/Shanghai&useUnicode=true&characterEncoding=utf-8&useSSL=false
#     username: root
#     password: root
#     dataSourceClassName: com.zaxxer.hikari.HikariDataSource
#     connectionTimeout: 2000
#     idleTimeout: 600000
#     maxLifetime: 1800000
#     maximumPoolSize: 32
#     minimumIdle: 4
#   coupon-db-cluster-1-slave-0:
#     driverClassName: com.mysql.cj.jdbc.Driver
#     jdbcUrl: jdbc:mysql://coupon-db-cluster-1-slave-0:3306/coupon?serverTimezone=Asia/Shanghai&useUnicode=true&characterEncoding=utf-8&useSSL=false
#     username: root
#     password: root
#     dataSourceClassName: com.zaxxer.hikari.HikariDataSource
#     connectionTimeout: 2000
#     idleTimeout: 600000
#     maxLifetime: 1800000
#     maximumPoolSize: 32
#     minimumIdle: 4

rules:
  - !SHARDING
    tables:
      coupon:
        actualDataNodes: coupon-db-$->{0..1}.coupon_$->{0..15}
        databaseStrategy:
          standard:
            shardingColumn: shard_index
            shardingAlgorithmName: coupon-db-inline
        tableStrategy:
          standard:
            shardingColumn: shard_index
            shardingAlgorithmName: coupon-table-inline
      stock_log:
        actualDataNodes: coupon-db-$->{0..1}.stock_log_$->{0..15}
        databaseStrategy:
          standard:
            shardingColumn: shard_index
            shardingAlgorithmName: coupon-db-inline
        tableStrategy:
          standard:
            shardingColumn: shard_index
            shardingAlgorithmName: stock-log-table-inline
    shardingAlgorithms:
      coupon-db-inline:
        type: INLINE
        props:
          algorithm-expression: coupon-db-$->{(int)(shard_index / 16) % 2}
      coupon-table-inline:
        type: INLINE
        props:
          algorithm-expression: coupon_$->{shard_index % 16}
      stock-log-table-inline:
        type: INLINE
        props:
          algorithm-expression: stock_log_$->{shard_index % 16}
    keyGenerators:
      snowflake:
        type: SNOWFLAKE
        props:
          worker-id: 1
          data-center-id: 1

props:
  sql-show: false
  query-with-cipher-column: false
  sql-comment-parse-enabled: true
  max-connections-size-per-query: 16
  check-table-metadata-enabled: false
2026-07-12T22:36:45.599+08:00  INFO 58640 --- [couponkill-coupon-service] [           main] com.zaxxer.hikari.HikariDataSource       : HikariPool-1 - Starting...
2026-07-12T22:36:46.033+08:00  INFO 58640 --- [couponkill-coupon-service] [           main] com.zaxxer.hikari.pool.HikariPool        : HikariPool-1 - Added connection conn0: url=jdbc:h2:mem:config user=SA
2026-07-12T22:36:46.037+08:00  INFO 58640 --- [couponkill-coupon-service] [           main] com.zaxxer.hikari.HikariDataSource       : HikariPool-1 - Start completed.
2026-07-12T22:36:46.122+08:00  INFO 58640 --- [couponkill-coupon-service] [           main] com.zaxxer.hikari.HikariDataSource       : HikariPool-2 - Starting...
2026-07-12T22:36:46.396+08:00  INFO 58640 --- [couponkill-coupon-service] [           main] com.zaxxer.hikari.pool.HikariPool        : HikariPool-2 - Added connection org.postgresql.jdbc.PgConnection@1f26bd62
2026-07-12T22:36:46.397+08:00  INFO 58640 --- [couponkill-coupon-service] [           main] com.zaxxer.hikari.HikariDataSource       : HikariPool-2 - Start completed.
2026-07-12T22:36:47.419+08:00  INFO 58640 --- [couponkill-coupon-service] [           main] com.zaxxer.hikari.HikariDataSource       : HikariPool-3 - Starting...
2026-07-12T22:36:47.433+08:00  INFO 58640 --- [couponkill-coupon-service] [           main] com.zaxxer.hikari.pool.HikariPool        : HikariPool-3 - Added connection org.postgresql.jdbc.PgConnection@590182a6
2026-07-12T22:36:47.434+08:00  INFO 58640 --- [couponkill-coupon-service] [           main] com.zaxxer.hikari.HikariDataSource       : HikariPool-3 - Start completed.
2026-07-12T22:36:49.174+08:00  INFO 58640 --- [couponkill-coupon-service] [           main] c.a.nacos.client.config.impl.CacheData   : config listener notify warn timeout millis use default 60000 millis 
2026-07-12T22:36:49.175+08:00  INFO 58640 --- [couponkill-coupon-service] [           main] c.a.nacos.client.config.impl.CacheData   : nacos.cache.data.init.snapshot = true 
2026-07-12T22:36:49.178+08:00  INFO 58640 --- [couponkill-coupon-service] [           main] c.a.n.client.config.impl.ClientWorker    : [Config-fixed-998-127.0.0.1_8848] [subscribe] coupon-service-sharding.yaml+DEFAULT_GROUP+998
2026-07-12T22:36:49.189+08:00  INFO 58640 --- [couponkill-coupon-service] [           main] c.a.nacos.client.config.impl.CacheData   : [Config-fixed-998-127.0.0.1_8848] [add-listener] ok, tenant=998, dataId=coupon-service-sharding.yaml, group=DEFAULT_GROUP, cnt=1
2026-07-12T22:36:50.186+08:00  INFO 58640 --- [couponkill-coupon-service] [           main] c.a.n.client.config.NacosConfigService   : Nacos client key init properties: 
	serverAddr=127.0.0.1:8848

2026-07-12T22:36:50.189+08:00  INFO 58640 --- [couponkill-coupon-service] [           main] c.a.n.c.a.AbstractServerListManager      : Load and match ServerListProvider com.alibaba.nacos.client.address.EndpointServerListProvider, match result: false
2026-07-12T22:36:50.189+08:00  INFO 58640 --- [couponkill-coupon-service] [           main] c.a.n.c.a.AbstractServerListManager      : Load and match ServerListProvider com.alibaba.nacos.client.address.PropertiesListProvider, match result: true
2026-07-12T22:36:50.190+08:00  INFO 58640 --- [couponkill-coupon-service] [           main] c.a.n.c.a.AbstractServerListManager      : Will use com.alibaba.nacos.client.address.PropertiesListProvider as ServerListProvider
2026-07-12T22:36:50.191+08:00  INFO 58640 --- [couponkill-coupon-service] [           main] com.alibaba.nacos.common.labels          : DefaultLabelsCollectorManager get labels.....
2026-07-12T22:36:50.192+08:00  INFO 58640 --- [couponkill-coupon-service] [           main] com.alibaba.nacos.common.labels          : Process LabelsCollector with [name:defaultNacosLabelsCollector]
2026-07-12T22:36:50.193+08:00  INFO 58640 --- [couponkill-coupon-service] [           main] com.alibaba.nacos.common.labels          : default nacos collect properties raw labels: null
2026-07-12T22:36:50.193+08:00  INFO 58640 --- [couponkill-coupon-service] [           main] com.alibaba.nacos.common.labels          : default nacos collect properties labels: {}
2026-07-12T22:36:50.193+08:00  INFO 58640 --- [couponkill-coupon-service] [           main] com.alibaba.nacos.common.labels          : default nacos collect jvm raw labels: null
2026-07-12T22:36:50.193+08:00  INFO 58640 --- [couponkill-coupon-service] [           main] com.alibaba.nacos.common.labels          : default nacos collect jvm labels: {}
2026-07-12T22:36:50.194+08:00  INFO 58640 --- [couponkill-coupon-service] [           main] com.alibaba.nacos.common.labels          : default nacos collect env raw labels: null
2026-07-12T22:36:50.194+08:00  INFO 58640 --- [couponkill-coupon-service] [           main] com.alibaba.nacos.common.labels          : default nacos collect env labels: {}
2026-07-12T22:36:50.194+08:00  INFO 58640 --- [couponkill-coupon-service] [           main] com.alibaba.nacos.common.labels          : DefaultLabelsCollectorManager get labels finished,labels :{}
2026-07-12T22:36:50.195+08:00  INFO 58640 --- [couponkill-coupon-service] [           main] c.a.n.p.a.s.c.ClientAuthPluginManager    : [ClientAuthPluginManager] Load ClientAuthService com.alibaba.nacos.client.auth.impl.NacosClientAuthServiceImpl success.
2026-07-12T22:36:50.195+08:00  INFO 58640 --- [couponkill-coupon-service] [           main] c.a.n.p.a.s.c.ClientAuthPluginManager    : [ClientAuthPluginManager] Load ClientAuthService com.alibaba.nacos.client.auth.ram.RamClientAuthServiceImpl success.
2026-07-12T22:36:50.196+08:00  INFO 58640 --- [couponkill-coupon-service] [           main] c.a.n.client.config.impl.ClientWorker    : [Config-fixed-public-127.0.0.1_8848] [subscribe] couponkill-coupon-service-sentinel-rules+SENTINEL_GROUP+public
2026-07-12T22:36:50.196+08:00  INFO 58640 --- [couponkill-coupon-service] [           main] c.a.nacos.client.config.impl.CacheData   : [Config-fixed-public-127.0.0.1_8848] [add-listener] ok, tenant=public, dataId=couponkill-coupon-service-sentinel-rules, group=SENTINEL_GROUP, cnt=1
2026-07-12T22:36:50.197+08:00  INFO 58640 --- [couponkill-coupon-service] [           main] com.alibaba.nacos.common.remote.client   : [RpcClientFactory] create a new rpc client of f228dbfd-3fc4-4e5f-a0ea-970d28fcd514_config-0
2026-07-12T22:36:50.197+08:00  INFO 58640 --- [couponkill-coupon-service] [           main] com.alibaba.nacos.common.remote.client   : [f228dbfd-3fc4-4e5f-a0ea-970d28fcd514_config-0] Register server push request handler:com.alibaba.nacos.client.config.impl.ClientWorker$ConfigRpcTransportClient$$Lambda/0x00000000983d7800
2026-07-12T22:36:50.197+08:00  INFO 58640 --- [couponkill-coupon-service] [           main] com.alibaba.nacos.common.remote.client   : [f228dbfd-3fc4-4e5f-a0ea-970d28fcd514_config-0] Register server push request handler:com.alibaba.nacos.client.config.impl.ClientWorker$ConfigRpcTransportClient$$Lambda/0x00000000983d8000
2026-07-12T22:36:50.197+08:00  INFO 58640 --- [couponkill-coupon-service] [           main] com.alibaba.nacos.common.remote.client   : [f228dbfd-3fc4-4e5f-a0ea-970d28fcd514_config-0] Register server push request handler:com.alibaba.nacos.client.config.impl.ClientFuzzyWatchNotifyRequestHandler
2026-07-12T22:36:50.197+08:00  INFO 58640 --- [couponkill-coupon-service] [           main] com.alibaba.nacos.common.remote.client   : [f228dbfd-3fc4-4e5f-a0ea-970d28fcd514_config-0] Registry connection listener to current client:com.alibaba.nacos.client.config.impl.ClientWorker$ConfigRpcTransportClient$1
2026-07-12T22:36:50.198+08:00  INFO 58640 --- [couponkill-coupon-service] [           main] com.alibaba.nacos.common.remote.client   : [f228dbfd-3fc4-4e5f-a0ea-970d28fcd514_config-0] RpcClient init, ServerListFactory = com.alibaba.nacos.client.config.impl.ClientWorker$ConfigRpcTransportClient$2
2026-07-12T22:36:50.198+08:00  INFO 58640 --- [couponkill-coupon-service] [           main] com.alibaba.nacos.common.remote.client   : [f228dbfd-3fc4-4e5f-a0ea-970d28fcd514_config-0] Try to connect to server on start up, server: {serverIp = '127.0.0.1', server main port = 8848}
2026-07-12T22:36:50.198+08:00  INFO 58640 --- [couponkill-coupon-service] [           main] c.a.n.c.remote.client.grpc.GrpcClient    : grpc client connection server: 127.0.0.1 ip, serverPort: 9848, grpcTslConfig: {"enableTls":false,"mutualAuthEnable":false,"trustAll":true}
2026-07-12T22:36:50.215+08:00  INFO 58640 --- [couponkill-coupon-service] [           main] com.alibaba.nacos.common.remote.client   : [f228dbfd-3fc4-4e5f-a0ea-970d28fcd514_config-0] Success to connect to server [127.0.0.1:8848] on start up, connectionId = 1783867010206_172.21.0.1_57778
2026-07-12T22:36:50.215+08:00  INFO 58640 --- [couponkill-coupon-service] [           main] com.alibaba.nacos.common.remote.client   : [f228dbfd-3fc4-4e5f-a0ea-970d28fcd514_config-0] Register server push request handler:com.alibaba.nacos.common.remote.client.RpcClient$ConnectResetRequestHandler
2026-07-12T22:36:50.215+08:00  INFO 58640 --- [couponkill-coupon-service] [remote.worker.0] com.alibaba.nacos.common.remote.client   : [f228dbfd-3fc4-4e5f-a0ea-970d28fcd514_config-0] Notify connected event to listeners.
2026-07-12T22:36:50.216+08:00  INFO 58640 --- [couponkill-coupon-service] [           main] com.alibaba.nacos.common.remote.client   : [f228dbfd-3fc4-4e5f-a0ea-970d28fcd514_config-0] Register server push request handler:com.alibaba.nacos.common.remote.client.RpcClient$$Lambda/0x0000000098630c00
2026-07-12T22:36:50.216+08:00  INFO 58640 --- [couponkill-coupon-service] [remote.worker.0] c.a.n.client.config.impl.ClientWorker    : [f228dbfd-3fc4-4e5f-a0ea-970d28fcd514_config-0] Connected,notify listen context...
2026-07-12T22:36:50.216+08:00  INFO 58640 --- [couponkill-coupon-service] [remote.worker.0] c.a.n.client.config.impl.ClientWorker    : [f228dbfd-3fc4-4e5f-a0ea-970d28fcd514_config-0] Connected,notify fuzzy listen context...
2026-07-12T22:36:50.446+08:00  INFO 58640 --- [couponkill-coupon-service] [           main] c.a.s.common.config.SnowflakeConfig      : SnowflakeIdGenerator ready: workerId=31, datacenterId=8, instanceKey=liuyu
2026-07-12T22:36:53.178+08:00  INFO 58640 --- [couponkill-coupon-service] [           main] c.a.n.client.config.NacosConfigService   : Nacos client key init properties: 
	serverAddr=127.0.0.1:8848
	namespace=couponkill

2026-07-12T22:36:53.181+08:00  INFO 58640 --- [couponkill-coupon-service] [           main] c.a.n.c.a.AbstractServerListManager      : Load and match ServerListProvider com.alibaba.nacos.client.address.EndpointServerListProvider, match result: false
2026-07-12T22:36:53.182+08:00  INFO 58640 --- [couponkill-coupon-service] [           main] c.a.n.c.a.AbstractServerListManager      : Load and match ServerListProvider com.alibaba.nacos.client.address.PropertiesListProvider, match result: true
2026-07-12T22:36:53.182+08:00  INFO 58640 --- [couponkill-coupon-service] [           main] c.a.n.c.a.AbstractServerListManager      : Will use com.alibaba.nacos.client.address.PropertiesListProvider as ServerListProvider
2026-07-12T22:36:53.184+08:00  INFO 58640 --- [couponkill-coupon-service] [           main] com.alibaba.nacos.common.labels          : DefaultLabelsCollectorManager get labels.....
2026-07-12T22:36:53.184+08:00  INFO 58640 --- [couponkill-coupon-service] [           main] com.alibaba.nacos.common.labels          : Process LabelsCollector with [name:defaultNacosLabelsCollector]
2026-07-12T22:36:53.185+08:00  INFO 58640 --- [couponkill-coupon-service] [           main] com.alibaba.nacos.common.labels          : default nacos collect properties raw labels: null
2026-07-12T22:36:53.185+08:00  INFO 58640 --- [couponkill-coupon-service] [           main] com.alibaba.nacos.common.labels          : default nacos collect properties labels: {}
2026-07-12T22:36:53.185+08:00  INFO 58640 --- [couponkill-coupon-service] [           main] com.alibaba.nacos.common.labels          : default nacos collect jvm raw labels: null
2026-07-12T22:36:53.185+08:00  INFO 58640 --- [couponkill-coupon-service] [           main] com.alibaba.nacos.common.labels          : default nacos collect jvm labels: {}
2026-07-12T22:36:53.185+08:00  INFO 58640 --- [couponkill-coupon-service] [           main] com.alibaba.nacos.common.labels          : default nacos collect env raw labels: null
2026-07-12T22:36:53.186+08:00  INFO 58640 --- [couponkill-coupon-service] [           main] com.alibaba.nacos.common.labels          : default nacos collect env labels: {}
2026-07-12T22:36:53.186+08:00  INFO 58640 --- [couponkill-coupon-service] [           main] com.alibaba.nacos.common.labels          : DefaultLabelsCollectorManager get labels finished,labels :{}
2026-07-12T22:36:53.186+08:00  INFO 58640 --- [couponkill-coupon-service] [           main] c.a.n.p.a.s.c.ClientAuthPluginManager    : [ClientAuthPluginManager] Load ClientAuthService com.alibaba.nacos.client.auth.impl.NacosClientAuthServiceImpl success.
2026-07-12T22:36:53.187+08:00  INFO 58640 --- [couponkill-coupon-service] [           main] c.a.n.p.a.s.c.ClientAuthPluginManager    : [ClientAuthPluginManager] Load ClientAuthService com.alibaba.nacos.client.auth.ram.RamClientAuthServiceImpl success.
2026-07-12T22:36:53.189+08:00  INFO 58640 --- [couponkill-coupon-service] [           main] c.a.n.client.config.impl.ClientWorker    : [Config-fixed-couponkill-127.0.0.1_8848] [subscribe] couponkill-gateway-sentinel+DEFAULT_GROUP+couponkill
2026-07-12T22:36:53.189+08:00  INFO 58640 --- [couponkill-coupon-service] [           main] c.a.nacos.client.config.impl.CacheData   : [Config-fixed-couponkill-127.0.0.1_8848] [add-listener] ok, tenant=couponkill, dataId=couponkill-gateway-sentinel, group=DEFAULT_GROUP, cnt=1
2026-07-12T22:36:53.190+08:00  INFO 58640 --- [couponkill-coupon-service] [           main] com.alibaba.nacos.common.remote.client   : [RpcClientFactory] create a new rpc client of 5a36cebd-4785-4c64-92ae-424f5dfcfa67_config-0
2026-07-12T22:36:53.191+08:00  INFO 58640 --- [couponkill-coupon-service] [           main] com.alibaba.nacos.common.remote.client   : [5a36cebd-4785-4c64-92ae-424f5dfcfa67_config-0] Register server push request handler:com.alibaba.nacos.client.config.impl.ClientWorker$ConfigRpcTransportClient$$Lambda/0x00000000983d7800
2026-07-12T22:36:53.191+08:00  INFO 58640 --- [couponkill-coupon-service] [           main] com.alibaba.nacos.common.remote.client   : [5a36cebd-4785-4c64-92ae-424f5dfcfa67_config-0] Register server push request handler:com.alibaba.nacos.client.config.impl.ClientWorker$ConfigRpcTransportClient$$Lambda/0x00000000983d8000
2026-07-12T22:36:53.191+08:00  INFO 58640 --- [couponkill-coupon-service] [           main] com.alibaba.nacos.common.remote.client   : [5a36cebd-4785-4c64-92ae-424f5dfcfa67_config-0] Register server push request handler:com.alibaba.nacos.client.config.impl.ClientFuzzyWatchNotifyRequestHandler
2026-07-12T22:36:53.192+08:00  INFO 58640 --- [couponkill-coupon-service] [           main] com.alibaba.nacos.common.remote.client   : [5a36cebd-4785-4c64-92ae-424f5dfcfa67_config-0] Registry connection listener to current client:com.alibaba.nacos.client.config.impl.ClientWorker$ConfigRpcTransportClient$1
2026-07-12T22:36:53.192+08:00  INFO 58640 --- [couponkill-coupon-service] [           main] com.alibaba.nacos.common.remote.client   : [5a36cebd-4785-4c64-92ae-424f5dfcfa67_config-0] RpcClient init, ServerListFactory = com.alibaba.nacos.client.config.impl.ClientWorker$ConfigRpcTransportClient$2
2026-07-12T22:36:53.192+08:00  INFO 58640 --- [couponkill-coupon-service] [           main] com.alibaba.nacos.common.remote.client   : [5a36cebd-4785-4c64-92ae-424f5dfcfa67_config-0] Try to connect to server on start up, server: {serverIp = '127.0.0.1', server main port = 8848}
2026-07-12T22:36:53.192+08:00  INFO 58640 --- [couponkill-coupon-service] [           main] c.a.n.c.remote.client.grpc.GrpcClient    : grpc client connection server: 127.0.0.1 ip, serverPort: 9848, grpcTslConfig: {"enableTls":false,"mutualAuthEnable":false,"trustAll":true}
2026-07-12T22:36:53.215+08:00  INFO 58640 --- [couponkill-coupon-service] [           main] com.alibaba.nacos.common.remote.client   : [5a36cebd-4785-4c64-92ae-424f5dfcfa67_config-0] Success to connect to server [127.0.0.1:8848] on start up, connectionId = 1783867013201_172.21.0.1_57782
2026-07-12T22:36:53.216+08:00  INFO 58640 --- [couponkill-coupon-service] [remote.worker.0] com.alibaba.nacos.common.remote.client   : [5a36cebd-4785-4c64-92ae-424f5dfcfa67_config-0] Notify connected event to listeners.
2026-07-12T22:36:53.216+08:00  INFO 58640 --- [couponkill-coupon-service] [           main] com.alibaba.nacos.common.remote.client   : [5a36cebd-4785-4c64-92ae-424f5dfcfa67_config-0] Register server push request handler:com.alibaba.nacos.common.remote.client.RpcClient$ConnectResetRequestHandler
2026-07-12T22:36:53.216+08:00  INFO 58640 --- [couponkill-coupon-service] [remote.worker.0] c.a.n.client.config.impl.ClientWorker    : [5a36cebd-4785-4c64-92ae-424f5dfcfa67_config-0] Connected,notify listen context...
2026-07-12T22:36:53.217+08:00  INFO 58640 --- [couponkill-coupon-service] [           main] com.alibaba.nacos.common.remote.client   : [5a36cebd-4785-4c64-92ae-424f5dfcfa67_config-0] Register server push request handler:com.alibaba.nacos.common.remote.client.RpcClient$$Lambda/0x0000000098630c00
2026-07-12T22:36:53.217+08:00  INFO 58640 --- [couponkill-coupon-service] [remote.worker.0] c.a.n.client.config.impl.ClientWorker    : [5a36cebd-4785-4c64-92ae-424f5dfcfa67_config-0] Connected,notify fuzzy listen context...
2026-07-12T22:36:53.225+08:00  INFO 58640 --- [couponkill-coupon-service] [           main] c.a.c.s.d.converter.SentinelConverter    : converter can not convert rules because source is empty
2026-07-12T22:36:53.249+08:00  INFO 58640 --- [couponkill-coupon-service] [           main] o.s.boot.tomcat.TomcatWebServer          : Tomcat started on port 8080 (http) with context path '/'
2026-07-12T22:36:53.260+08:00  INFO 58640 --- [couponkill-coupon-service] [           main] com.alibaba.nacos.client.naming          : Nacos client key init properties: 
	serverAddr=127.0.0.1:8848
	namespace=120

2026-07-12T22:36:53.262+08:00  INFO 58640 --- [couponkill-coupon-service] [           main] com.alibaba.nacos.client.naming          : initializer namespace from ans.namespace attribute : null
2026-07-12T22:36:53.263+08:00  INFO 58640 --- [couponkill-coupon-service] [           main] com.alibaba.nacos.client.naming          : initializer namespace from ALIBABA_ALIWARE_NAMESPACE attribute :null
2026-07-12T22:36:53.265+08:00  INFO 58640 --- [couponkill-coupon-service] [           main] com.alibaba.nacos.client.naming          : initializer namespace from namespace attribute :null
2026-07-12T22:36:53.277+08:00  INFO 58640 --- [couponkill-coupon-service] [           main] com.alibaba.nacos.client.naming          : FailoverDataSource type is class com.alibaba.nacos.client.naming.backups.datasource.DiskFailoverDataSource
2026-07-12T22:36:53.285+08:00  INFO 58640 --- [couponkill-coupon-service] [           main] c.a.n.c.a.AbstractServerListManager      : Load and match ServerListProvider com.alibaba.nacos.client.address.EndpointServerListProvider, match result: false
2026-07-12T22:36:53.285+08:00  INFO 58640 --- [couponkill-coupon-service] [           main] c.a.n.c.a.AbstractServerListManager      : Load and match ServerListProvider com.alibaba.nacos.client.address.PropertiesListProvider, match result: true
2026-07-12T22:36:53.286+08:00  INFO 58640 --- [couponkill-coupon-service] [           main] c.a.n.c.a.AbstractServerListManager      : Will use com.alibaba.nacos.client.address.PropertiesListProvider as ServerListProvider
2026-07-12T22:36:53.288+08:00  INFO 58640 --- [couponkill-coupon-service] [           main] c.a.n.p.a.s.c.ClientAuthPluginManager    : [ClientAuthPluginManager] Load ClientAuthService com.alibaba.nacos.client.auth.impl.NacosClientAuthServiceImpl success.
2026-07-12T22:36:53.289+08:00  INFO 58640 --- [couponkill-coupon-service] [           main] c.a.n.p.a.s.c.ClientAuthPluginManager    : [ClientAuthPluginManager] Load ClientAuthService com.alibaba.nacos.client.auth.ram.RamClientAuthServiceImpl success.
2026-07-12T22:36:53.296+08:00  INFO 58640 --- [couponkill-coupon-service] [           main] com.alibaba.nacos.common.remote.client   : [RpcClientFactory] create a new rpc client of 7d984c53-b46a-4a2f-91fc-5cc6f00a39b9
2026-07-12T22:36:53.300+08:00  INFO 58640 --- [couponkill-coupon-service] [           main] com.alibaba.nacos.client.naming          : Create naming rpc client for uuid->7d984c53-b46a-4a2f-91fc-5cc6f00a39b9
2026-07-12T22:36:53.301+08:00  INFO 58640 --- [couponkill-coupon-service] [           main] com.alibaba.nacos.common.remote.client   : [7d984c53-b46a-4a2f-91fc-5cc6f00a39b9] RpcClient init, ServerListFactory = com.alibaba.nacos.client.naming.core.NamingServerListManager
2026-07-12T22:36:53.301+08:00  INFO 58640 --- [couponkill-coupon-service] [           main] com.alibaba.nacos.common.remote.client   : [7d984c53-b46a-4a2f-91fc-5cc6f00a39b9] Registry connection listener to current client:com.alibaba.nacos.client.naming.remote.gprc.redo.NamingGrpcRedoService
2026-07-12T22:36:53.302+08:00  INFO 58640 --- [couponkill-coupon-service] [           main] com.alibaba.nacos.common.remote.client   : [7d984c53-b46a-4a2f-91fc-5cc6f00a39b9] Register server push request handler:com.alibaba.nacos.client.naming.remote.gprc.NamingPushRequestHandler
2026-07-12T22:36:53.303+08:00  INFO 58640 --- [couponkill-coupon-service] [           main] com.alibaba.nacos.common.remote.client   : [7d984c53-b46a-4a2f-91fc-5cc6f00a39b9] Register server push request handler:com.alibaba.nacos.client.naming.remote.gprc.NamingFuzzyWatchNotifyRequestHandler
2026-07-12T22:36:53.303+08:00  INFO 58640 --- [couponkill-coupon-service] [           main] com.alibaba.nacos.common.remote.client   : [7d984c53-b46a-4a2f-91fc-5cc6f00a39b9] Try to connect to server on start up, server: {serverIp = '127.0.0.1', server main port = 8848}
2026-07-12T22:36:53.304+08:00  INFO 58640 --- [couponkill-coupon-service] [           main] c.a.n.c.remote.client.grpc.GrpcClient    : grpc client connection server: 127.0.0.1 ip, serverPort: 9848, grpcTslConfig: {"enableTls":false,"mutualAuthEnable":false,"trustAll":true}
2026-07-12T22:36:53.322+08:00  INFO 58640 --- [couponkill-coupon-service] [           main] com.alibaba.nacos.common.remote.client   : [7d984c53-b46a-4a2f-91fc-5cc6f00a39b9] Success to connect to server [127.0.0.1:8848] on start up, connectionId = 1783867013312_172.21.0.1_57796
2026-07-12T22:36:53.322+08:00  INFO 58640 --- [couponkill-coupon-service] [           main] com.alibaba.nacos.common.remote.client   : [7d984c53-b46a-4a2f-91fc-5cc6f00a39b9] Register server push request handler:com.alibaba.nacos.common.remote.client.RpcClient$ConnectResetRequestHandler
2026-07-12T22:36:53.322+08:00  INFO 58640 --- [couponkill-coupon-service] [remote.worker.0] com.alibaba.nacos.common.remote.client   : [7d984c53-b46a-4a2f-91fc-5cc6f00a39b9] Notify connected event to listeners.
2026-07-12T22:36:53.323+08:00  INFO 58640 --- [couponkill-coupon-service] [           main] com.alibaba.nacos.common.remote.client   : [7d984c53-b46a-4a2f-91fc-5cc6f00a39b9] Register server push request handler:com.alibaba.nacos.common.remote.client.RpcClient$$Lambda/0x0000000098630c00
2026-07-12T22:36:53.323+08:00  INFO 58640 --- [couponkill-coupon-service] [remote.worker.0] com.alibaba.nacos.client.naming          : Grpc connection connect
2026-07-12T22:36:53.327+08:00  INFO 58640 --- [couponkill-coupon-service] [           main] com.alibaba.nacos.client.naming          : [REGISTER-SERVICE] 120 registering service couponkill-coupon-service with instance Instance{instanceId='null', ip='172.27.112.1', port=8080, weight=1.0, healthy=true, enabled=true, ephemeral=true, clusterName='', serviceName='null', metadata={preserved.heart.beat.timeout=30000, IPv6=[2409:8d00:105c:4c6:bc53:88ac:d9d3:fa38], preserved.register.source=SPRING_CLOUD}}
2026-07-12T22:36:53.346+08:00  INFO 58640 --- [couponkill-coupon-service] [           main] c.a.c.n.registry.NacosServiceRegistry    : nacos registry, DEFAULT_GROUP couponkill-coupon-service 172.27.112.1:8080 register finished
2026-07-12T22:36:53.367+08:00  INFO 58640 --- [couponkill-coupon-service] [           main] a.s.c.CouponkillCouponServiceApplication : Started CouponkillCouponServiceApplication in 15.188 seconds (process running for 15.909)
2026-07-12T22:36:53.372+08:00  WARN 58640 --- [couponkill-coupon-service] [           main] c.a.s.c.config.InternalTokenGuard        : 【安全】connector.internal-token 仍为默认值 couponkill-internal，仅限本地；生产请设置 CONNECTOR_INTERNAL_TOKEN 并开启 connector.internal-token-strict=true
2026-07-12T22:36:53.373+08:00  WARN 58640 --- [couponkill-coupon-service] [           main] o.s.core.events.SpringDocAppInitializer  : SpringDoc /v3/api-docs endpoint is enabled by default. To disable it in production, set the property 'springdoc.api-docs.enabled=false'
2026-07-12T22:36:53.374+08:00  WARN 58640 --- [couponkill-coupon-service] [           main] o.s.core.events.SpringDocAppInitializer  : SpringDoc /swagger-ui.html endpoint is enabled by default. To disable it in production, set the property 'springdoc.swagger-ui.enabled=false'
2026-07-12T22:36:53.378+08:00  INFO 58640 --- [couponkill-coupon-service] [           main] c.a.n.client.config.impl.ClientWorker    : [Config-fixed-120-127.0.0.1_8848] [subscribe] common.yaml+DEFAULT_GROUP+120
2026-07-12T22:36:53.378+08:00  INFO 58640 --- [couponkill-coupon-service] [           main] c.a.nacos.client.config.impl.CacheData   : [Config-fixed-120-127.0.0.1_8848] [add-listener] ok, tenant=120, dataId=common.yaml, group=DEFAULT_GROUP, cnt=1
2026-07-12T22:36:53.378+08:00  INFO 58640 --- [couponkill-coupon-service] [           main] c.a.c.n.refresh.NacosContextRefresher    : [Nacos Config] Listening config: dataId=common.yaml, group=DEFAULT_GROUP
2026-07-12T22:36:53.380+08:00  INFO 58640 --- [couponkill-coupon-service] [           main] c.a.n.client.config.impl.ClientWorker    : [Config-fixed-120-127.0.0.1_8848] [subscribe] couponkill-coupon-service.yaml+DEFAULT_GROUP+120
2026-07-12T22:36:53.381+08:00  INFO 58640 --- [couponkill-coupon-service] [           main] c.a.nacos.client.config.impl.CacheData   : [Config-fixed-120-127.0.0.1_8848] [add-listener] ok, tenant=120, dataId=couponkill-coupon-service.yaml, group=DEFAULT_GROUP, cnt=1
2026-07-12T22:36:53.381+08:00  INFO 58640 --- [couponkill-coupon-service] [           main] c.a.c.n.refresh.NacosContextRefresher    : [Nacos Config] Listening config: dataId=couponkill-coupon-service.yaml, group=DEFAULT_GROUP
2026-07-12T22:36:55.661+08:00  INFO 58640 --- [couponkill-coupon-service] [           main] c.a.s.c.service.Impl.CouponServiceImpl   : 预热优惠券缓存完成，共预热 3 个优惠券（库存为全分片合计）
2026-07-12T22:36:55.662+08:00  INFO 58640 --- [couponkill-coupon-service] [           main] c.a.s.c.service.Impl.CouponServiceImpl   : ApplicationReady 库存预热完成
2026-07-12T22:59:43.361+08:00  INFO 58640 --- [couponkill-coupon-service] [omcat-handler-0] o.a.c.c.C.[Tomcat].[localhost].[/]       : Initializing Spring DispatcherServlet 'dispatcherServlet'
2026-07-12T22:59:43.362+08:00  INFO 58640 --- [couponkill-coupon-service] [omcat-handler-0] o.s.web.servlet.DispatcherServlet        : Initializing Servlet 'dispatcherServlet'
2026-07-12T22:59:43.372+08:00  INFO 58640 --- [couponkill-coupon-service] [omcat-handler-0] o.s.web.servlet.DispatcherServlet        : Completed initialization in 7 ms
2026-07-12T22:59:43.464+08:00  INFO 58640 --- [couponkill-coupon-service] [omcat-handler-0] c.a.s.c.controller.CouponController      : 仅扣 DB 秒杀库存: id=1001
2026-07-12T22:59:44.544+08:00  INFO 58640 --- [couponkill-coupon-service] [omcat-handler-0] c.a.s.c.service.Impl.CouponServiceImpl   : 成功扣减优惠券分片 0 的库存, updateRedis=false
2026-07-12T22:59:44.596+08:00  INFO 58640 --- [couponkill-coupon-service] [omcat-handler-1] c.a.s.c.controller.CouponController      : 根据ID查询优惠券: id=1001
2026-07-12T22:59:49.747+08:00  INFO 58640 --- [couponkill-coupon-service] [omcat-handler-2] c.a.s.c.controller.CouponController      : 仅扣 DB 秒杀库存: id=1001
2026-07-12T22:59:49.804+08:00  INFO 58640 --- [couponkill-coupon-service] [omcat-handler-2] c.a.s.c.service.Impl.CouponServiceImpl   : 成功扣减优惠券分片 1 的库存, updateRedis=false
2026-07-12T22:59:49.810+08:00  INFO 58640 --- [couponkill-coupon-service] [omcat-handler-3] c.a.s.c.controller.CouponController      : 根据ID查询优惠券: id=1001
2026-07-12T22:59:49.867+08:00  INFO 58640 --- [couponkill-coupon-service] [omcat-handler-4] c.a.s.c.controller.CouponController      : 仅扣 DB 秒杀库存: id=1001
2026-07-12T22:59:49.910+08:00  INFO 58640 --- [couponkill-coupon-service] [omcat-handler-4] c.a.s.c.service.Impl.CouponServiceImpl   : 成功扣减优惠券分片 2 的库存, updateRedis=false
2026-07-12T22:59:49.916+08:00  INFO 58640 --- [couponkill-coupon-service] [omcat-handler-5] c.a.s.c.controller.CouponController      : 根据ID查询优惠券: id=1001
2026-07-12T22:59:49.965+08:00  INFO 58640 --- [couponkill-coupon-service] [omcat-handler-6] c.a.s.c.controller.CouponController      : 仅扣 DB 秒杀库存: id=1001
2026-07-12T22:59:50.011+08:00  INFO 58640 --- [couponkill-coupon-service] [omcat-handler-6] c.a.s.c.service.Impl.CouponServiceImpl   : 成功扣减优惠券分片 3 的库存, updateRedis=false
2026-07-12T22:59:50.017+08:00  INFO 58640 --- [couponkill-coupon-service] [omcat-handler-7] c.a.s.c.controller.CouponController      : 根据ID查询优惠券: id=1001
2026-07-12T22:59:50.069+08:00  INFO 58640 --- [couponkill-coupon-service] [omcat-handler-8] c.a.s.c.controller.CouponController      : 仅扣 DB 秒杀库存: id=1001
2026-07-12T22:59:50.106+08:00  INFO 58640 --- [couponkill-coupon-service] [omcat-handler-8] c.a.s.c.service.Impl.CouponServiceImpl   : 成功扣减优惠券分片 4 的库存, updateRedis=false
2026-07-12T22:59:50.110+08:00  INFO 58640 --- [couponkill-coupon-service] [omcat-handler-9] c.a.s.c.controller.CouponController      : 根据ID查询优惠券: id=1001
2026-07-12T22:59:50.153+08:00  INFO 58640 --- [couponkill-coupon-service] [mcat-handler-10] c.a.s.c.controller.CouponController      : 仅扣 DB 秒杀库存: id=1001
2026-07-12T22:59:50.179+08:00  INFO 58640 --- [couponkill-coupon-service] [mcat-handler-10] c.a.s.c.service.Impl.CouponServiceImpl   : 成功扣减优惠券分片 5 的库存, updateRedis=false
2026-07-12T22:59:50.184+08:00  INFO 58640 --- [couponkill-coupon-service] [mcat-handler-11] c.a.s.c.controller.CouponController      : 根据ID查询优惠券: id=1001
2026-07-12T22:59:50.349+08:00  INFO 58640 --- [couponkill-coupon-service] [mcat-handler-12] c.a.s.c.controller.CouponController      : 仅扣 DB 秒杀库存: id=1001
2026-07-12T22:59:50.379+08:00  INFO 58640 --- [couponkill-coupon-service] [mcat-handler-12] c.a.s.c.service.Impl.CouponServiceImpl   : 成功扣减优惠券分片 6 的库存, updateRedis=false
2026-07-12T22:59:50.385+08:00  INFO 58640 --- [couponkill-coupon-service] [mcat-handler-13] c.a.s.c.controller.CouponController      : 根据ID查询优惠券: id=1001
2026-07-12T22:59:50.473+08:00  INFO 58640 --- [couponkill-coupon-service] [mcat-handler-14] c.a.s.c.controller.CouponController      : 仅扣 DB 秒杀库存: id=1001
2026-07-12T22:59:50.497+08:00  INFO 58640 --- [couponkill-coupon-service] [mcat-handler-14] c.a.s.c.service.Impl.CouponServiceImpl   : 成功扣减优惠券分片 7 的库存, updateRedis=false
2026-07-12T22:59:50.502+08:00  INFO 58640 --- [couponkill-coupon-service] [mcat-handler-15] c.a.s.c.controller.CouponController      : 根据ID查询优惠券: id=1001
2026-07-12T22:59:50.549+08:00  INFO 58640 --- [couponkill-coupon-service] [mcat-handler-16] c.a.s.c.controller.CouponController      : 仅扣 DB 秒杀库存: id=1001
2026-07-12T22:59:50.581+08:00  INFO 58640 --- [couponkill-coupon-service] [mcat-handler-16] c.a.s.c.service.Impl.CouponServiceImpl   : 成功扣减优惠券分片 8 的库存, updateRedis=false
2026-07-12T22:59:50.586+08:00  INFO 58640 --- [couponkill-coupon-service] [mcat-handler-17] c.a.s.c.controller.CouponController      : 根据ID查询优惠券: id=1001
2026-07-12T22:59:50.631+08:00  INFO 58640 --- [couponkill-coupon-service] [mcat-handler-18] c.a.s.c.controller.CouponController      : 仅扣 DB 秒杀库存: id=1001
2026-07-12T22:59:50.654+08:00  INFO 58640 --- [couponkill-coupon-service] [mcat-handler-18] c.a.s.c.service.Impl.CouponServiceImpl   : 成功扣减优惠券分片 9 的库存, updateRedis=false
2026-07-12T22:59:50.659+08:00  INFO 58640 --- [couponkill-coupon-service] [mcat-handler-19] c.a.s.c.controller.CouponController      : 根据ID查询优惠券: id=1001
2026-07-12T22:59:50.705+08:00  INFO 58640 --- [couponkill-coupon-service] [mcat-handler-20] c.a.s.c.controller.CouponController      : 仅扣 DB 秒杀库存: id=1001
2026-07-12T22:59:50.730+08:00  INFO 58640 --- [couponkill-coupon-service] [mcat-handler-20] c.a.s.c.service.Impl.CouponServiceImpl   : 成功扣减优惠券分片 10 的库存, updateRedis=false
2026-07-12T22:59:50.735+08:00  INFO 58640 --- [couponkill-coupon-service] [mcat-handler-21] c.a.s.c.controller.CouponController      : 根据ID查询优惠券: id=1001
2026-07-12T22:59:50.795+08:00  INFO 58640 --- [couponkill-coupon-service] [mcat-handler-22] c.a.s.c.controller.CouponController      : 仅扣 DB 秒杀库存: id=1001
2026-07-12T22:59:50.816+08:00  INFO 58640 --- [couponkill-coupon-service] [mcat-handler-22] c.a.s.c.service.Impl.CouponServiceImpl   : 成功扣减优惠券分片 11 的库存, updateRedis=false
2026-07-12T22:59:50.821+08:00  INFO 58640 --- [couponkill-coupon-service] [mcat-handler-23] c.a.s.c.controller.CouponController      : 根据ID查询优惠券: id=1001
2026-07-12T22:59:50.885+08:00  INFO 58640 --- [couponkill-coupon-service] [mcat-handler-24] c.a.s.c.controller.CouponController      : 仅扣 DB 秒杀库存: id=1001
2026-07-12T22:59:50.907+08:00  INFO 58640 --- [couponkill-coupon-service] [mcat-handler-24] c.a.s.c.service.Impl.CouponServiceImpl   : 成功扣减优惠券分片 12 的库存, updateRedis=false
2026-07-12T22:59:50.911+08:00  INFO 58640 --- [couponkill-coupon-service] [mcat-handler-25] c.a.s.c.controller.CouponController      : 根据ID查询优惠券: id=1001
2026-07-12T22:59:51.150+08:00  INFO 58640 --- [couponkill-coupon-service] [mcat-handler-26] c.a.s.c.controller.CouponController      : 仅扣 DB 秒杀库存: id=1001
2026-07-12T22:59:51.169+08:00  INFO 58640 --- [couponkill-coupon-service] [mcat-handler-26] c.a.s.c.service.Impl.CouponServiceImpl   : 成功扣减优惠券分片 13 的库存, updateRedis=false
2026-07-12T22:59:51.175+08:00  INFO 58640 --- [couponkill-coupon-service] [mcat-handler-27] c.a.s.c.controller.CouponController      : 根据ID查询优惠券: id=1001
2026-07-12T22:59:51.220+08:00  INFO 58640 --- [couponkill-coupon-service] [mcat-handler-28] c.a.s.c.controller.CouponController      : 仅扣 DB 秒杀库存: id=1001
2026-07-12T22:59:51.238+08:00  INFO 58640 --- [couponkill-coupon-service] [mcat-handler-28] c.a.s.c.service.Impl.CouponServiceImpl   : 成功扣减优惠券分片 14 的库存, updateRedis=false
2026-07-12T22:59:51.243+08:00  INFO 58640 --- [couponkill-coupon-service] [mcat-handler-29] c.a.s.c.controller.CouponController      : 根据ID查询优惠券: id=1001
2026-07-12T22:59:51.287+08:00  INFO 58640 --- [couponkill-coupon-service] [mcat-handler-30] c.a.s.c.controller.CouponController      : 仅扣 DB 秒杀库存: id=1001
2026-07-12T22:59:51.308+08:00  INFO 58640 --- [couponkill-coupon-service] [mcat-handler-30] c.a.s.c.service.Impl.CouponServiceImpl   : 成功扣减优惠券分片 15 的库存, updateRedis=false
2026-07-12T22:59:51.313+08:00  INFO 58640 --- [couponkill-coupon-service] [mcat-handler-31] c.a.s.c.controller.CouponController      : 根据ID查询优惠券: id=1001
2026-07-12T22:59:51.366+08:00  INFO 58640 --- [couponkill-coupon-service] [mcat-handler-32] c.a.s.c.controller.CouponController      : 仅扣 DB 秒杀库存: id=1001
2026-07-12T22:59:51.384+08:00  INFO 58640 --- [couponkill-coupon-service] [mcat-handler-32] c.a.s.c.service.Impl.CouponServiceImpl   : 成功扣减优惠券分片 0 的库存, updateRedis=false
2026-07-12T22:59:51.389+08:00  INFO 58640 --- [couponkill-coupon-service] [mcat-handler-33] c.a.s.c.controller.CouponController      : 根据ID查询优惠券: id=1001
2026-07-12T22:59:51.454+08:00  INFO 58640 --- [couponkill-coupon-service] [mcat-handler-34] c.a.s.c.controller.CouponController      : 仅扣 DB 秒杀库存: id=1001
2026-07-12T22:59:51.470+08:00  INFO 58640 --- [couponkill-coupon-service] [mcat-handler-34] c.a.s.c.service.Impl.CouponServiceImpl   : 成功扣减优惠券分片 1 的库存, updateRedis=false
2026-07-12T22:59:51.474+08:00  INFO 58640 --- [couponkill-coupon-service] [mcat-handler-35] c.a.s.c.controller.CouponController      : 根据ID查询优惠券: id=1001
2026-07-12T22:59:51.534+08:00  INFO 58640 --- [couponkill-coupon-service] [mcat-handler-36] c.a.s.c.controller.CouponController      : 仅扣 DB 秒杀库存: id=1001
2026-07-12T22:59:51.548+08:00  INFO 58640 --- [couponkill-coupon-service] [mcat-handler-36] c.a.s.c.service.Impl.CouponServiceImpl   : 成功扣减优惠券分片 2 的库存, updateRedis=false
2026-07-12T22:59:51.552+08:00  INFO 58640 --- [couponkill-coupon-service] [mcat-handler-37] c.a.s.c.controller.CouponController      : 根据ID查询优惠券: id=1001
2026-07-12T22:59:51.734+08:00  INFO 58640 --- [couponkill-coupon-service] [mcat-handler-38] c.a.s.c.controller.CouponController      : 仅扣 DB 秒杀库存: id=1001
2026-07-12T22:59:51.753+08:00  INFO 58640 --- [couponkill-coupon-service] [mcat-handler-38] c.a.s.c.service.Impl.CouponServiceImpl   : 成功扣减优惠券分片 3 的库存, updateRedis=false
2026-07-12T22:59:51.756+08:00  INFO 58640 --- [couponkill-coupon-service] [mcat-handler-39] c.a.s.c.controller.CouponController      : 根据ID查询优惠券: id=1001
2026-07-12T22:59:51.856+08:00  INFO 58640 --- [couponkill-coupon-service] [mcat-handler-40] c.a.s.c.controller.CouponController      : 仅扣 DB 秒杀库存: id=1001
2026-07-12T22:59:51.874+08:00  INFO 58640 --- [couponkill-coupon-service] [mcat-handler-40] c.a.s.c.service.Impl.CouponServiceImpl   : 成功扣减优惠券分片 4 的库存, updateRedis=false
2026-07-12T22:59:51.879+08:00  INFO 58640 --- [couponkill-coupon-service] [mcat-handler-41] c.a.s.c.controller.CouponController      : 根据ID查询优惠券: id=1001
